This is pdfTeX, Version 3.14159265-2.6-1.40.17 (MiKTeX 2.9.6210 64-bit) (preloaded format=pdflatex 2017.7.12)  17 JUN 2018 09:49
entering extended mode
**./PS5_template.tex
(PS5_template.tex
LaTeX2e <2017/01/01> patch level 1
Babel <3.9r> and hyphenation patterns for 75 language(s) loaded.
("D:\MiKTeX 2.9\tex\latex\base\article.cls"
Document Class: article 2014/09/29 v1.4h Standard LaTeX document class
("D:\MiKTeX 2.9\tex\latex\base\size10.clo"
File: size10.clo 2014/09/29 v1.4h Standard LaTeX file (size option)
)
\c@part=\count79
\c@section=\count80
\c@subsection=\count81
\c@subsubsection=\count82
\c@paragraph=\count83
\c@subparagraph=\count84
\c@figure=\count85
\c@table=\count86
\abovecaptionskip=\skip41
\belowcaptionskip=\skip42
\bibindent=\dimen102
)
("D:\MiKTeX 2.9\tex\latex\ctex\ctex.sty"
("D:\MiKTeX 2.9\tex\latex\l3kernel\expl3.sty"
Package: expl3 2017/05/29 L3 programming layer (loader) 

("D:\MiKTeX 2.9\tex\latex\l3kernel\expl3-code.tex"
Package: expl3 2017/05/29 L3 programming layer (code)
\c_max_int=\count87
\l_tmpa_int=\count88
\l_tmpb_int=\count89
\g_tmpa_int=\count90
\g_tmpb_int=\count91
\g__intarray_font_int=\count92
\g__prg_map_int=\count93
\c_log_iow=\count94
\l_iow_line_count_int=\count95
\l__iow_line_target_int=\count96
\l__iow_one_indent_int=\count97
\l__iow_indent_int=\count98
\c_zero_dim=\dimen103
\c_max_dim=\dimen104
\l_tmpa_dim=\dimen105
\l_tmpb_dim=\dimen106
\g_tmpa_dim=\dimen107
\g_tmpb_dim=\dimen108
\c_zero_skip=\skip43
\c_max_skip=\skip44
\l_tmpa_skip=\skip45
\l_tmpb_skip=\skip46
\g_tmpa_skip=\skip47
\g_tmpb_skip=\skip48
\c_zero_muskip=\muskip10
\c_max_muskip=\muskip11
\l_tmpa_muskip=\muskip12
\l_tmpb_muskip=\muskip13
\g_tmpa_muskip=\muskip14
\g_tmpb_muskip=\muskip15
\l_keys_choice_int=\count99
\c__fp_leading_shift_int=\count100
\c__fp_middle_shift_int=\count101
\c__fp_trailing_shift_int=\count102
\c__fp_big_leading_shift_int=\count103
\c__fp_big_middle_shift_int=\count104
\c__fp_big_trailing_shift_int=\count105
\c__fp_Bigg_leading_shift_int=\count106
\c__fp_Bigg_middle_shift_int=\count107
\c__fp_Bigg_trailing_shift_int=\count108
\c__fp_rand_size_int=\count109
\c__fp_rand_four_int=\count110
\c__fp_rand_eight_int=\count111
\l__sort_length_int=\count112
\l__sort_min_int=\count113
\l__sort_top_int=\count114
\l__sort_max_int=\count115
\l__sort_true_max_int=\count116
\l__sort_block_int=\count117
\l__sort_begin_int=\count118
\l__sort_end_int=\count119
\l__sort_A_int=\count120
\l__sort_B_int=\count121
\l__sort_C_int=\count122
\l__tl_build_start_index_int=\count123
\l__tl_build_index_int=\count124
\l__tl_analysis_normal_int=\count125
\l__tl_analysis_index_int=\count126
\l__tl_analysis_nesting_int=\count127
\l__tl_analysis_type_int=\count128
\l__regex_internal_a_int=\count129
\l__regex_internal_b_int=\count130
\l__regex_internal_c_int=\count131
\l__regex_balance_int=\count132
\l__regex_group_level_int=\count133
\l__regex_mode_int=\count134
\c__regex_cs_in_class_mode_int=\count135
\c__regex_cs_mode_int=\count136
\l__regex_catcodes_int=\count137
\l__regex_default_catcodes_int=\count138
\c__regex_catcode_D_int=\count139
\c__regex_catcode_S_int=\count140
\c__regex_catcode_L_int=\count141
\c__regex_catcode_O_int=\count142
\c__regex_catcode_A_int=\count143
\c__regex_all_catcodes_int=\count144
\l__regex_show_lines_int=\count145
\l__regex_min_state_int=\count146
\l__regex_max_state_int=\count147
\l__regex_left_state_int=\count148
\l__regex_right_state_int=\count149
\l__regex_capturing_group_int=\count150
\l__regex_min_pos_int=\count151
\l__regex_max_pos_int=\count152
\l__regex_current_pos_int=\count153
\l__regex_start_pos_int=\count154
\l__regex_success_pos_int=\count155
\l__regex_current_char_int=\count156
\l__regex_current_catcode_int=\count157
\l__regex_last_char_int=\count158
\l__regex_case_changed_char_int=\count159
\l__regex_current_state_int=\count160
\l__regex_step_int=\count161
\l__regex_min_active_int=\count162
\l__regex_max_active_int=\count163
\l__regex_replacement_csnames_int=\count164
\l__regex_match_count_int=\count165
\l__regex_min_submatch_int=\count166
\l__regex_submatch_int=\count167
\l__regex_zeroth_submatch_int=\count168
\c_empty_box=\box26
\l_tmpa_box=\box27
\l_tmpb_box=\box28
\g_tmpa_box=\box29
\g_tmpb_box=\box30
\l__box_top_dim=\dimen109
\l__box_bottom_dim=\dimen110
\l__box_left_dim=\dimen111
\l__box_right_dim=\dimen112
\l__box_top_new_dim=\dimen113
\l__box_bottom_new_dim=\dimen114
\l__box_left_new_dim=\dimen115
\l__box_right_new_dim=\dimen116
\l__box_internal_box=\box31
\l__coffin_internal_box=\box32
\l__coffin_internal_dim=\dimen117
\l__coffin_offset_x_dim=\dimen118
\l__coffin_offset_y_dim=\dimen119
\l__coffin_x_dim=\dimen120
\l__coffin_y_dim=\dimen121
\l__coffin_x_prime_dim=\dimen122
\l__coffin_y_prime_dim=\dimen123
\c_empty_coffin=\box33
\l__coffin_aligned_coffin=\box34
\l__coffin_aligned_internal_coffin=\box35
\l_tmpa_coffin=\box36
\l_tmpb_coffin=\box37
\l__coffin_display_coffin=\box38
\l__coffin_display_coord_coffin=\box39
\l__coffin_display_pole_coffin=\box40
\l__coffin_display_offset_dim=\dimen124
\l__coffin_display_x_dim=\dimen125
\l__coffin_display_y_dim=\dimen126
\l__coffin_bounding_shift_dim=\dimen127
\l__coffin_left_corner_dim=\dimen128
\l__coffin_right_corner_dim=\dimen129
\l__coffin_bottom_corner_dim=\dimen130
\l__coffin_top_corner_dim=\dimen131
\l__coffin_scaled_total_height_dim=\dimen132
\l__coffin_scaled_width_dim=\dimen133
)
("D:\MiKTeX 2.9\tex\latex\l3kernel\l3pdfmode.def"
File: l3pdfmode.def 2017/03/18 v L3 Experimental driver: PDF mode
\l__driver_color_stack_int=\count169
\l__driver_tmp_box=\box41
))
Package: ctex 2017/04/01 v2.4.9 Chinese adapter in LaTeX (CTEX)

("D:\MiKTeX 2.9\tex\latex\l3packages\xparse\xparse.sty"
Package: xparse 2017/05/29 L3 Experimental document command parser
\l__xparse_current_arg_int=\count170
\g__xparse_grabber_int=\count171
\l__xparse_m_args_int=\count172
\l__xparse_mandatory_args_int=\count173
\l__xparse_v_nesting_int=\count174
)
("D:\MiKTeX 2.9\tex\latex\l3packages\l3keys2e\l3keys2e.sty"
Package: l3keys2e 2017/05/29 LaTeX2e option processing using LaTeX3 keys
)
\g__file_internal_ior=\read1

("D:\MiKTeX 2.9\tex\latex\ctex\ctexhook.sty"
Package: ctexhook 2017/04/01 v2.4.9 Document and package hooks (CTEX)
)
("D:\MiKTeX 2.9\tex\latex\ctex\ctexpatch.sty"
Package: ctexpatch 2017/04/01 v2.4.9 Patching commands (CTEX)
)
("D:\MiKTeX 2.9\tex\latex\base\fix-cm.sty"
Package: fix-cm 2015/01/14 v1.1t fixes to LaTeX

("D:\MiKTeX 2.9\tex\latex\base\ts1enc.def"
File: ts1enc.def 2001/06/05 v3.0e (jk/car/fm) Standard LaTeX file
))
("D:\MiKTeX 2.9\tex\latex\ms\everysel.sty"
Package: everysel 2011/10/28 v1.2 EverySelectfont Package (MS)
)
\l__ctex_tmp_int=\count175
\l__ctex_tmp_box=\box42
\l__ctex_tmp_dim=\dimen134

("D:\MiKTeX 2.9\tex\latex\ctex\config\ctexopts.cfg"
File: ctexopts.cfg 2017/04/01 v2.4.9 Option configuration file (CTEX)
)
("D:\MiKTeX 2.9\tex\latex\ctex\engine\ctex-engine-pdftex.def"
File: ctex-engine-pdftex.def 2017/04/01 v2.4.9 (pdf)LaTeX adapter (CTEX)

("D:\MiKTeX 2.9\tex\latex\cjk\CJKutf8.sty"
Package: CJKutf8 2015/04/18 4.8.4

("D:\MiKTeX 2.9\tex\generic\oberdiek\ifpdf.sty"
Package: ifpdf 2016/05/14 v3.1 Provides the ifpdf switch
)
("D:\MiKTeX 2.9\tex\latex\base\inputenc.sty"
Package: inputenc 2015/03/17 v1.2c Input encoding file
\inpenc@prehook=\toks14
\inpenc@posthook=\toks15

("D:\MiKTeX 2.9\tex\latex\base\utf8.def"
File: utf8.def 2016/02/28 v1.1s UTF-8 support for inputenc
Now handling font encoding OML ...
... no UTF-8 mapping file for font encoding OML
Now handling font encoding T1 ...
... processing UTF-8 mapping file for font encoding T1

("D:\MiKTeX 2.9\tex\latex\base\t1enc.dfu"
File: t1enc.dfu 2016/02/28 v1.1s UTF-8 support for inputenc
   defining Unicode char U+00A0 (decimal 160)
   defining Unicode char U+00A1 (decimal 161)
   defining Unicode char U+00A3 (decimal 163)
   defining Unicode char U+00AB (decimal 171)
   defining Unicode char U+00AD (decimal 173)
   defining Unicode char U+00BB (decimal 187)
   defining Unicode char U+00BF (decimal 191)
   defining Unicode char U+00C0 (decimal 192)
   defining Unicode char U+00C1 (decimal 193)
   defining Unicode char U+00C2 (decimal 194)
   defining Unicode char U+00C3 (decimal 195)
   defining Unicode char U+00C4 (decimal 196)
   defining Unicode char U+00C5 (decimal 197)
   defining Unicode char U+00C6 (decimal 198)
   defining Unicode char U+00C7 (decimal 199)
   defining Unicode char U+00C8 (decimal 200)
   defining Unicode char U+00C9 (decimal 201)
   defining Unicode char U+00CA (decimal 202)
   defining Unicode char U+00CB (decimal 203)
   defining Unicode char U+00CC (decimal 204)
   defining Unicode char U+00CD (decimal 205)
   defining Unicode char U+00CE (decimal 206)
   defining Unicode char U+00CF (decimal 207)
   defining Unicode char U+00D0 (decimal 208)
   defining Unicode char U+00D1 (decimal 209)
   defining Unicode char U+00D2 (decimal 210)
   defining Unicode char U+00D3 (decimal 211)
   defining Unicode char U+00D4 (decimal 212)
   defining Unicode char U+00D5 (decimal 213)
   defining Unicode char U+00D6 (decimal 214)
   defining Unicode char U+00D8 (decimal 216)
   defining Unicode char U+00D9 (decimal 217)
   defining Unicode char U+00DA (decimal 218)
   defining Unicode char U+00DB (decimal 219)
   defining Unicode char U+00DC (decimal 220)
   defining Unicode char U+00DD (decimal 221)
   defining Unicode char U+00DE (decimal 222)
   defining Unicode char U+00DF (decimal 223)
   defining Unicode char U+00E0 (decimal 224)
   defining Unicode char U+00E1 (decimal 225)
   defining Unicode char U+00E2 (decimal 226)
   defining Unicode char U+00E3 (decimal 227)
   defining Unicode char U+00E4 (decimal 228)
   defining Unicode char U+00E5 (decimal 229)
   defining Unicode char U+00E6 (decimal 230)
   defining Unicode char U+00E7 (decimal 231)
   defining Unicode char U+00E8 (decimal 232)
   defining Unicode char U+00E9 (decimal 233)
   defining Unicode char U+00EA (decimal 234)
   defining Unicode char U+00EB (decimal 235)
   defining Unicode char U+00EC (decimal 236)
   defining Unicode char U+00ED (decimal 237)
   defining Unicode char U+00EE (decimal 238)
   defining Unicode char U+00EF (decimal 239)
   defining Unicode char U+00F0 (decimal 240)
   defining Unicode char U+00F1 (decimal 241)
   defining Unicode char U+00F2 (decimal 242)
   defining Unicode char U+00F3 (decimal 243)
   defining Unicode char U+00F4 (decimal 244)
   defining Unicode char U+00F5 (decimal 245)
   defining Unicode char U+00F6 (decimal 246)
   defining Unicode char U+00F8 (decimal 248)
   defining Unicode char U+00F9 (decimal 249)
   defining Unicode char U+00FA (decimal 250)
   defining Unicode char U+00FB (decimal 251)
   defining Unicode char U+00FC (decimal 252)
   defining Unicode char U+00FD (decimal 253)
   defining Unicode char U+00FE (decimal 254)
   defining Unicode char U+00FF (decimal 255)
   defining Unicode char U+0100 (decimal 256)
   defining Unicode char U+0101 (decimal 257)
   defining Unicode char U+0102 (decimal 258)
   defining Unicode char U+0103 (decimal 259)
   defining Unicode char U+0104 (decimal 260)
   defining Unicode char U+0105 (decimal 261)
   defining Unicode char U+0106 (decimal 262)
   defining Unicode char U+0107 (decimal 263)
   defining Unicode char U+0108 (decimal 264)
   defining Unicode char U+0109 (decimal 265)
   defining Unicode char U+010A (decimal 266)
   defining Unicode char U+010B (decimal 267)
   defining Unicode char U+010C (decimal 268)
   defining Unicode char U+010D (decimal 269)
   defining Unicode char U+010E (decimal 270)
   defining Unicode char U+010F (decimal 271)
   defining Unicode char U+0110 (decimal 272)
   defining Unicode char U+0111 (decimal 273)
   defining Unicode char U+0112 (decimal 274)
   defining Unicode char U+0113 (decimal 275)
   defining Unicode char U+0114 (decimal 276)
   defining Unicode char U+0115 (decimal 277)
   defining Unicode char U+0116 (decimal 278)
   defining Unicode char U+0117 (decimal 279)
   defining Unicode char U+0118 (decimal 280)
   defining Unicode char U+0119 (decimal 281)
   defining Unicode char U+011A (decimal 282)
   defining Unicode char U+011B (decimal 283)
   defining Unicode char U+011C (decimal 284)
   defining Unicode char U+011D (decimal 285)
   defining Unicode char U+011E (decimal 286)
   defining Unicode char U+011F (decimal 287)
   defining Unicode char U+0120 (decimal 288)
   defining Unicode char U+0121 (decimal 289)
   defining Unicode char U+0122 (decimal 290)
   defining Unicode char U+0123 (decimal 291)
   defining Unicode char U+0124 (decimal 292)
   defining Unicode char U+0125 (decimal 293)
   defining Unicode char U+0128 (decimal 296)
   defining Unicode char U+0129 (decimal 297)
   defining Unicode char U+012A (decimal 298)
   defining Unicode char U+012B (decimal 299)
   defining Unicode char U+012C (decimal 300)
   defining Unicode char U+012D (decimal 301)
   defining Unicode char U+012E (decimal 302)
   defining Unicode char U+012F (decimal 303)
   defining Unicode char U+0130 (decimal 304)
   defining Unicode char U+0131 (decimal 305)
   defining Unicode char U+0132 (decimal 306)
   defining Unicode char U+0133 (decimal 307)
   defining Unicode char U+0134 (decimal 308)
   defining Unicode char U+0135 (decimal 309)
   defining Unicode char U+0136 (decimal 310)
   defining Unicode char U+0137 (decimal 311)
   defining Unicode char U+0139 (decimal 313)
   defining Unicode char U+013A (decimal 314)
   defining Unicode char U+013B (decimal 315)
   defining Unicode char U+013C (decimal 316)
   defining Unicode char U+013D (decimal 317)
   defining Unicode char U+013E (decimal 318)
   defining Unicode char U+0141 (decimal 321)
   defining Unicode char U+0142 (decimal 322)
   defining Unicode char U+0143 (decimal 323)
   defining Unicode char U+0144 (decimal 324)
   defining Unicode char U+0145 (decimal 325)
   defining Unicode char U+0146 (decimal 326)
   defining Unicode char U+0147 (decimal 327)
   defining Unicode char U+0148 (decimal 328)
   defining Unicode char U+014A (decimal 330)
   defining Unicode char U+014B (decimal 331)
   defining Unicode char U+014C (decimal 332)
   defining Unicode char U+014D (decimal 333)
   defining Unicode char U+014E (decimal 334)
   defining Unicode char U+014F (decimal 335)
   defining Unicode char U+0150 (decimal 336)
   defining Unicode char U+0151 (decimal 337)
   defining Unicode char U+0152 (decimal 338)
   defining Unicode char U+0153 (decimal 339)
   defining Unicode char U+0154 (decimal 340)
   defining Unicode char U+0155 (decimal 341)
   defining Unicode char U+0156 (decimal 342)
   defining Unicode char U+0157 (decimal 343)
   defining Unicode char U+0158 (decimal 344)
   defining Unicode char U+0159 (decimal 345)
   defining Unicode char U+015A (decimal 346)
   defining Unicode char U+015B (decimal 347)
   defining Unicode char U+015C (decimal 348)
   defining Unicode char U+015D (decimal 349)
   defining Unicode char U+015E (decimal 350)
   defining Unicode char U+015F (decimal 351)
   defining Unicode char U+0160 (decimal 352)
   defining Unicode char U+0161 (decimal 353)
   defining Unicode char U+0162 (decimal 354)
   defining Unicode char U+0163 (decimal 355)
   defining Unicode char U+0164 (decimal 356)
   defining Unicode char U+0165 (decimal 357)
   defining Unicode char U+0168 (decimal 360)
   defining Unicode char U+0169 (decimal 361)
   defining Unicode char U+016A (decimal 362)
   defining Unicode char U+016B (decimal 363)
   defining Unicode char U+016C (decimal 364)
   defining Unicode char U+016D (decimal 365)
   defining Unicode char U+016E (decimal 366)
   defining Unicode char U+016F (decimal 367)
   defining Unicode char U+0170 (decimal 368)
   defining Unicode char U+0171 (decimal 369)
   defining Unicode char U+0172 (decimal 370)
   defining Unicode char U+0173 (decimal 371)
   defining Unicode char U+0174 (decimal 372)
   defining Unicode char U+0175 (decimal 373)
   defining Unicode char U+0176 (decimal 374)
   defining Unicode char U+0177 (decimal 375)
   defining Unicode char U+0178 (decimal 376)
   defining Unicode char U+0179 (decimal 377)
   defining Unicode char U+017A (decimal 378)
   defining Unicode char U+017B (decimal 379)
   defining Unicode char U+017C (decimal 380)
   defining Unicode char U+017D (decimal 381)
   defining Unicode char U+017E (decimal 382)
   defining Unicode char U+01CD (decimal 461)
   defining Unicode char U+01CE (decimal 462)
   defining Unicode char U+01CF (decimal 463)
   defining Unicode char U+01D0 (decimal 464)
   defining Unicode char U+01D1 (decimal 465)
   defining Unicode char U+01D2 (decimal 466)
   defining Unicode char U+01D3 (decimal 467)
   defining Unicode char U+01D4 (decimal 468)
   defining Unicode char U+01E2 (decimal 482)
   defining Unicode char U+01E3 (decimal 483)
   defining Unicode char U+01E6 (decimal 486)
   defining Unicode char U+01E7 (decimal 487)
   defining Unicode char U+01E8 (decimal 488)
   defining Unicode char U+01E9 (decimal 489)
   defining Unicode char U+01EA (decimal 490)
   defining Unicode char U+01EB (decimal 491)
   defining Unicode char U+01F0 (decimal 496)
   defining Unicode char U+01F4 (decimal 500)
   defining Unicode char U+01F5 (decimal 501)
   defining Unicode char U+0218 (decimal 536)
   defining Unicode char U+0219 (decimal 537)
   defining Unicode char U+021A (decimal 538)
   defining Unicode char U+021B (decimal 539)
   defining Unicode char U+1E02 (decimal 7682)
   defining Unicode char U+1E03 (decimal 7683)
   defining Unicode char U+200C (decimal 8204)
   defining Unicode char U+2010 (decimal 8208)
   defining Unicode char U+2011 (decimal 8209)
   defining Unicode char U+2012 (decimal 8210)
   defining Unicode char U+2013 (decimal 8211)
   defining Unicode char U+2014 (decimal 8212)
   defining Unicode char U+2015 (decimal 8213)
   defining Unicode char U+2018 (decimal 8216)
   defining Unicode char U+2019 (decimal 8217)
   defining Unicode char U+201A (decimal 8218)
   defining Unicode char U+201C (decimal 8220)
   defining Unicode char U+201D (decimal 8221)
   defining Unicode char U+201E (decimal 8222)
   defining Unicode char U+2030 (decimal 8240)
   defining Unicode char U+2031 (decimal 8241)
   defining Unicode char U+2039 (decimal 8249)
   defining Unicode char U+203A (decimal 8250)
   defining Unicode char U+2423 (decimal 9251)
)
Now handling font encoding OT1 ...
... processing UTF-8 mapping file for font encoding OT1

("D:\MiKTeX 2.9\tex\latex\base\ot1enc.dfu"
File: ot1enc.dfu 2016/02/28 v1.1s UTF-8 support for inputenc
   defining Unicode char U+00A0 (decimal 160)
   defining Unicode char U+00A1 (decimal 161)
   defining Unicode char U+00A3 (decimal 163)
   defining Unicode char U+00AD (decimal 173)
   defining Unicode char U+00B8 (decimal 184)
   defining Unicode char U+00BF (decimal 191)
   defining Unicode char U+00C5 (decimal 197)
   defining Unicode char U+00C6 (decimal 198)
   defining Unicode char U+00D8 (decimal 216)
   defining Unicode char U+00DF (decimal 223)
   defining Unicode char U+00E6 (decimal 230)
   defining Unicode char U+00EC (decimal 236)
   defining Unicode char U+00ED (decimal 237)
   defining Unicode char U+00EE (decimal 238)
   defining Unicode char U+00EF (decimal 239)
   defining Unicode char U+00F8 (decimal 248)
   defining Unicode char U+0131 (decimal 305)
   defining Unicode char U+0141 (decimal 321)
   defining Unicode char U+0142 (decimal 322)
   defining Unicode char U+0152 (decimal 338)
   defining Unicode char U+0153 (decimal 339)
   defining Unicode char U+0174 (decimal 372)
   defining Unicode char U+0175 (decimal 373)
   defining Unicode char U+0176 (decimal 374)
   defining Unicode char U+0177 (decimal 375)
   defining Unicode char U+0218 (decimal 536)
   defining Unicode char U+0219 (decimal 537)
   defining Unicode char U+021A (decimal 538)
   defining Unicode char U+021B (decimal 539)
   defining Unicode char U+2013 (decimal 8211)
   defining Unicode char U+2014 (decimal 8212)
   defining Unicode char U+2018 (decimal 8216)
   defining Unicode char U+2019 (decimal 8217)
   defining Unicode char U+201C (decimal 8220)
   defining Unicode char U+201D (decimal 8221)
)
Now handling font encoding OMS ...
... processing UTF-8 mapping file for font encoding OMS

("D:\MiKTeX 2.9\tex\latex\base\omsenc.dfu"
File: omsenc.dfu 2016/02/28 v1.1s UTF-8 support for inputenc
   defining Unicode char U+00A7 (decimal 167)
   defining Unicode char U+00B6 (decimal 182)
   defining Unicode char U+00B7 (decimal 183)
   defining Unicode char U+2020 (decimal 8224)
   defining Unicode char U+2021 (decimal 8225)
   defining Unicode char U+2022 (decimal 8226)
)
Now handling font encoding OMX ...
... no UTF-8 mapping file for font encoding OMX
Now handling font encoding U ...
... no UTF-8 mapping file for font encoding U
Now handling font encoding TS1 ...
... processing UTF-8 mapping file for font encoding TS1

("D:\MiKTeX 2.9\tex\latex\base\ts1enc.dfu"
File: ts1enc.dfu 2016/02/28 v1.1s UTF-8 support for inputenc
   defining Unicode char U+00A2 (decimal 162)
   defining Unicode char U+00A3 (decimal 163)
   defining Unicode char U+00A4 (decimal 164)
   defining Unicode char U+00A5 (decimal 165)
   defining Unicode char U+00A6 (decimal 166)
   defining Unicode char U+00A7 (decimal 167)
   defining Unicode char U+00A8 (decimal 168)
   defining Unicode char U+00A9 (decimal 169)
   defining Unicode char U+00AA (decimal 170)
   defining Unicode char U+00AC (decimal 172)
   defining Unicode char U+00AE (decimal 174)
   defining Unicode char U+00AF (decimal 175)
   defining Unicode char U+00B0 (decimal 176)
   defining Unicode char U+00B1 (decimal 177)
   defining Unicode char U+00B2 (decimal 178)
   defining Unicode char U+00B3 (decimal 179)
   defining Unicode char U+00B4 (decimal 180)
   defining Unicode char U+00B5 (decimal 181)
   defining Unicode char U+00B6 (decimal 182)
   defining Unicode char U+00B7 (decimal 183)
   defining Unicode char U+00B9 (decimal 185)
   defining Unicode char U+00BA (decimal 186)
   defining Unicode char U+00BC (decimal 188)
   defining Unicode char U+00BD (decimal 189)
   defining Unicode char U+00BE (decimal 190)
   defining Unicode char U+00D7 (decimal 215)
   defining Unicode char U+00F7 (decimal 247)
   defining Unicode char U+0192 (decimal 402)
   defining Unicode char U+02C7 (decimal 711)
   defining Unicode char U+02D8 (decimal 728)
   defining Unicode char U+02DD (decimal 733)
   defining Unicode char U+0E3F (decimal 3647)
   defining Unicode char U+2016 (decimal 8214)
   defining Unicode char U+2020 (decimal 8224)
   defining Unicode char U+2021 (decimal 8225)
   defining Unicode char U+2022 (decimal 8226)
   defining Unicode char U+2030 (decimal 8240)
   defining Unicode char U+2031 (decimal 8241)
   defining Unicode char U+203B (decimal 8251)
   defining Unicode char U+203D (decimal 8253)
   defining Unicode char U+2044 (decimal 8260)
   defining Unicode char U+204E (decimal 8270)
   defining Unicode char U+2052 (decimal 8274)
   defining Unicode char U+20A1 (decimal 8353)
   defining Unicode char U+20A4 (decimal 8356)
   defining Unicode char U+20A6 (decimal 8358)
   defining Unicode char U+20A9 (decimal 8361)
   defining Unicode char U+20AB (decimal 8363)
   defining Unicode char U+20AC (decimal 8364)
   defining Unicode char U+20B1 (decimal 8369)
   defining Unicode char U+2103 (decimal 8451)
   defining Unicode char U+2116 (decimal 8470)
   defining Unicode char U+2117 (decimal 8471)
   defining Unicode char U+211E (decimal 8478)
   defining Unicode char U+2120 (decimal 8480)
   defining Unicode char U+2122 (decimal 8482)
   defining Unicode char U+2126 (decimal 8486)
   defining Unicode char U+2127 (decimal 8487)
   defining Unicode char U+212E (decimal 8494)
   defining Unicode char U+2190 (decimal 8592)
   defining Unicode char U+2191 (decimal 8593)
   defining Unicode char U+2192 (decimal 8594)
   defining Unicode char U+2193 (decimal 8595)
   defining Unicode char U+2329 (decimal 9001)
   defining Unicode char U+232A (decimal 9002)
   defining Unicode char U+2422 (decimal 9250)
   defining Unicode char U+25E6 (decimal 9702)
   defining Unicode char U+25EF (decimal 9711)
   defining Unicode char U+266A (decimal 9834)
)
   defining Unicode char U+00A9 (decimal 169)
   defining Unicode char U+00AA (decimal 170)
   defining Unicode char U+00AE (decimal 174)
   defining Unicode char U+00BA (decimal 186)
   defining Unicode char U+02C6 (decimal 710)
   defining Unicode char U+02DC (decimal 732)
   defining Unicode char U+200C (decimal 8204)
   defining Unicode char U+2026 (decimal 8230)
   defining Unicode char U+2122 (decimal 8482)
   defining Unicode char U+2423 (decimal 9251)
))
("D:\MiKTeX 2.9\tex\latex\cjk\CJK.sty"
Package: CJK 2015/04/18 4.8.4

("D:\MiKTeX 2.9\tex\latex\cjk\mule\MULEenc.sty"
Package: MULEenc 2015/04/18 4.8.4
)
("D:\MiKTeX 2.9\tex\latex\cjk\CJK.enc"
File: CJK.enc 2015/04/18 4.8.4
Now handling font encoding C00 ...
... no UTF-8 mapping file for font encoding C00
Now handling font encoding C05 ...
... no UTF-8 mapping file for font encoding C05
Now handling font encoding C09 ...
... no UTF-8 mapping file for font encoding C09
Now handling font encoding C10 ...
... no UTF-8 mapping file for font encoding C10
Now handling font encoding C20 ...
... no UTF-8 mapping file for font encoding C20
Now handling font encoding C19 ...
... no UTF-8 mapping file for font encoding C19
Now handling font encoding C40 ...
... no UTF-8 mapping file for font encoding C40
Now handling font encoding C42 ...
... no UTF-8 mapping file for font encoding C42
Now handling font encoding C43 ...
... no UTF-8 mapping file for font encoding C43
Now handling font encoding C50 ...
... no UTF-8 mapping file for font encoding C50
Now handling font encoding C52 ...
... no UTF-8 mapping file for font encoding C52
Now handling font encoding C49 ...
... no UTF-8 mapping file for font encoding C49
Now handling font encoding C60 ...
... no UTF-8 mapping file for font encoding C60
Now handling font encoding C61 ...
... no UTF-8 mapping file for font encoding C61
Now handling font encoding C63 ...
... no UTF-8 mapping file for font encoding C63
Now handling font encoding C64 ...
... no UTF-8 mapping file for font encoding C64
Now handling font encoding C65 ...
... no UTF-8 mapping file for font encoding C65
Now handling font encoding C70 ...
... no UTF-8 mapping file for font encoding C70
Now handling font encoding C31 ...
... no UTF-8 mapping file for font encoding C31
Now handling font encoding C32 ...
... no UTF-8 mapping file for font encoding C32
Now handling font encoding C33 ...
... no UTF-8 mapping file for font encoding C33
Now handling font encoding C34 ...
... no UTF-8 mapping file for font encoding C34
Now handling font encoding C35 ...
... no UTF-8 mapping file for font encoding C35
Now handling font encoding C36 ...
... no UTF-8 mapping file for font encoding C36
Now handling font encoding C37 ...
... no UTF-8 mapping file for font encoding C37
Now handling font encoding C80 ...
... no UTF-8 mapping file for font encoding C80
Now handling font encoding C81 ...
... no UTF-8 mapping file for font encoding C81
Now handling font encoding C01 ...
... no UTF-8 mapping file for font encoding C01
Now handling font encoding C11 ...
... no UTF-8 mapping file for font encoding C11
Now handling font encoding C21 ...
... no UTF-8 mapping file for font encoding C21
Now handling font encoding C41 ...
... no UTF-8 mapping file for font encoding C41
Now handling font encoding C62 ...
... no UTF-8 mapping file for font encoding C62
)
LaTeX Info: Redefining \selectfont on input line 755.
\CJK@indent=\box43
)
("D:\MiKTeX 2.9\tex\latex\base\fontenc.sty"
Package: fontenc 2017/01/24 v2.0c Standard LaTeX package
))
("D:\MiKTeX 2.9\tex\latex\cjkpunct\CJKpunct.sty"
Package: CJKpunct 2016/05/14 4.8.4
\CJKpunct@cnta=\count176
\CJKpunct@cntb=\count177
\CJKpunct@cntc=\count178
\CJKpunct@cntd=\count179
\CJKpunct@cnte=\count180
   defining Unicode char U+2018 (decimal 8216)
   defining Unicode char U+2019 (decimal 8217)
   defining Unicode char U+201C (decimal 8220)
   defining Unicode char U+201D (decimal 8221)
   defining Unicode char U+2014 (decimal 8212)
   defining Unicode char U+2026 (decimal 8230)

("D:\MiKTeX 2.9\tex\latex\cjkpunct\CJKpunct.spa"))
("D:\MiKTeX 2.9\tex\latex\cjk\CJKspace.sty"
Package: CJKspace 2015/04/18 3.8.0
)
("D:\MiKTeX 2.9\tex\latex\ctex\ctexspa.def"
File: ctexspa.def 2017/04/01 v2.4.9 Space info for CJKpunct (CTEX)
)
("D:\MiKTeX 2.9\tex\latex\cjk\CJKfntef.sty"
Package: CJKfntef 2015/04/18 4.8.4

("D:\MiKTeX 2.9\tex\latex\cjk\CJKulem.sty"
Package: CJKulem 2015/04/18 4.8.4

("D:\MiKTeX 2.9\tex\latex\ulem\ulem.sty"
\UL@box=\box44
\UL@hyphenbox=\box45
\UL@skip=\skip49
\UL@hook=\toks16
\UL@height=\dimen135
\UL@pe=\count181
\UL@pixel=\dimen136
\ULC@box=\box46
Package: ulem 2012/05/18
\ULdepth=\dimen137
)
\UL@lastkern=\dimen138
\CJK@skip=\skip50
)
\CJK@fntefSkip=\skip51
\CJK@nest=\count182
\CJK@fntefDimen=\dimen139
\CJK@underdotBox=\box47
\CJK@ULbox=\box48
\CJK@underanyskip=\dimen140
)
\ccwd=\dimen141
\l__ctex_ccglue_skip=\skip52
)
.................................................
. LaTeX info: "xparse/define-command"
. 
. Defining command \ctexset with sig. '' on line 376.
.................................................
.................................................
. LaTeX info: "xparse/define-command"
. 
. Defining command \CTEXsetup with sig. '+o>{\TrimSpaces }m' on line 382.
.................................................
.................................................
. LaTeX info: "xparse/define-command"
. 
. Defining command \CTEXoptions with sig. '+o' on line 388.
.................................................
.................................................
. LaTeX info: "xparse/define-command"
. 
. Defining command \CTEXsetfont with sig. '' on line 406.
.................................................
.................................................
. LaTeX info: "xparse/define-command"
. 
. Defining command \ziju with sig. 'm' on line 478.
.................................................
\l__ctex_ziju_dim=\dimen142
.................................................
. LaTeX info: "xparse/define-command"
. 
. Defining command \CTEXindent with sig. '' on line 519.
.................................................
.................................................
. LaTeX info: "xparse/define-command"
. 
. Defining command \CTEXnoindent with sig. '' on line 525.
.................................................

("D:\MiKTeX 2.9\tex\latex\zhnumber\zhnumber.sty"
Package: zhnumber 2016/05/14 v2.4 Typesetting numbers with Chinese glyphs
.................................................
. LaTeX info: "xparse/define-command"
. 
. Defining command \zhnumber with sig. '+o+m' on line 50.
.................................................
.................................................
. LaTeX info: "xparse/define-command"
. 
. Defining command \zhnumberwithoptions with sig. '+m+m' on line 57.
.................................................
.................................................
. LaTeX info: "xparse/define-command"
. 
. Defining command \zhnum with sig. '+o+m' on line 111.
.................................................
.................................................
. LaTeX info: "xparse/define-command"
. 
. Defining command \zhnumwithoptions with sig. '+m+m' on line 118.
.................................................
.................................................
. LaTeX info: "xparse/define-command"
. 
. Defining command \zhdig with sig. '+o+m' on line 297.
.................................................
.................................................
. LaTeX info: "xparse/define-command"
. 
. Defining command \zhdigwithoptions with sig. '+m+m' on line 304.
.................................................
.................................................
. LaTeX info: "xparse/define-command"
. 
. Defining command \zhdigits with sig. '+s+o+m' on line 318.
.................................................
.................................................
. LaTeX info: "xparse/define-command"
. 
. Defining command \zhdigitswithoptions with sig. '+m+m+m' on line 325.
.................................................
.................................................
. LaTeX info: "xparse/define-command"
. 
. Defining command \zhdate with sig. '+s+m' on line 384.
.................................................
\l__zhnum_scale_int=\count183
.................................................
. LaTeX info: "xparse/define-command"
. 
. Defining command \zhnumExtendScaleMap with sig. '>{\TrimSpaces }+o+m' on
. line 506.
.................................................
\l__zhnum_byte_min_int=\count184
\l__zhnum_byte_max_int=\count185
.................................................
. LaTeX info: "xparse/define-command"
. 
. Defining command \zhnumsetup with sig. '+m' on line 938.
.................................................

("D:\MiKTeX 2.9\tex\latex\zhnumber\zhnumber-utf8.cfg"
File: zhnumber-utf8.cfg 2016/05/14 v2.4 Chinese numerals with UTF8 encoding
))
.................................................
. LaTeX info: "xparse/define-command"
. 
. Defining command \CTEXnumber with sig. 'mm' on line 542.
.................................................
.................................................
. LaTeX info: "xparse/define-command"
. 
. Defining command \CTEXdigits with sig. 'mm' on line 544.
.................................................

("D:\MiKTeX 2.9\tex\latex\ctex\scheme\ctex-scheme-chinese.def"
File: ctex-scheme-chinese.def 2017/04/01 v2.4.9 Chinese scheme for generic (CTE
X)

("D:\MiKTeX 2.9\tex\latex\ctex\config\ctex-name-utf8.cfg"
File: ctex-name-utf8.cfg 2017/04/01 v2.4.9 Caption with encoding UTF8 (CTEX)
))
("D:\MiKTeX 2.9\tex\latex\tools\indentfirst.sty"
Package: indentfirst 1995/11/23 v1.03 Indent first paragraph (DPC)
)
.................................................
. LaTeX info: "xparse/define-command"
. 
. Defining command \zihao with sig. 'm' on line 641.
.................................................

("D:\MiKTeX 2.9\tex\latex\ctex\ctex-c5size.clo"
File: ctex-c5size.clo 2017/04/01 v2.4.9 c5size option (CTEX)
)
.................................................
. LaTeX info: "xparse/define-command"
. 
. Defining command \CTeX with sig. '' on line 745.
.................................................

("D:\MiKTeX 2.9\tex\latex\ctex\fontset\ctex-fontset-windows.def"
File: ctex-fontset-windows.def 2017/04/01 v2.4.9 Windows fonts definition (CTEX
)

("D:\MiKTeX 2.9\tex\latex\ctex\fontset\ctex-fontset-windowsnew.def"
File: ctex-fontset-windowsnew.def 2017/04/01 v2.4.9 Windows fonts definition fo
r Vista or later version (CTEX)

("D:\MiKTeX 2.9\tex\generic\ctex\zhwindowsfonts.tex"
File: zhwindowsfonts.tex 2017/04/01 v2.4.9 Windows font map loader for pdfTeX a
nd DVIPDFMx (CTEX)
{C:/Users/marshtomp/AppData/Local/MiKTeX/2.9/pdftex/config/pdftex.map}{UGBK.sfd
}{Unicode.sfd})
.................................................
. LaTeX info: "xparse/define-command"
. 
. Defining command \songti with sig. '' on line 110.
.................................................
.................................................
. LaTeX info: "xparse/define-command"
. 
. Defining command \heiti with sig. '' on line 111.
.................................................
.................................................
. LaTeX info: "xparse/define-command"
. 
. Defining command \fangsong with sig. '' on line 112.
.................................................
.................................................
. LaTeX info: "xparse/define-command"
. 
. Defining command \kaishu with sig. '' on line 113.
.................................................
.................................................
. LaTeX info: "xparse/define-command"
. 
. Defining command \lishu with sig. '' on line 114.
.................................................
.................................................
. LaTeX info: "xparse/define-command"
. 
. Defining command \youyuan with sig. '' on line 115.
.................................................
.................................................
. LaTeX info: "xparse/define-command"
. 
. Defining command \yahei with sig. '' on line 116.
.................................................
)))
("D:\MiKTeX 2.9\tex\latex\ctex\config\ctex.cfg"
File: ctex.cfg 2017/04/01 v2.4.9 Configuration file (CTEX)
)
("D:\MiKTeX 2.9\tex\latex\geometry\geometry.sty"
Package: geometry 2010/09/12 v5.6 Page Geometry

("D:\MiKTeX 2.9\tex\latex\graphics\keyval.sty"
Package: keyval 2014/10/28 v1.15 key=value parser (DPC)
\KV@toks@=\toks17
)
("D:\MiKTeX 2.9\tex\generic\oberdiek\ifvtex.sty"
Package: ifvtex 2016/05/16 v1.6 Detect VTeX and its facilities (HO)
Package ifvtex Info: VTeX not detected.
)
("D:\MiKTeX 2.9\tex\generic\ifxetex\ifxetex.sty"
Package: ifxetex 2010/09/12 v0.6 Provides ifxetex conditional
)
\Gm@cnth=\count186
\Gm@cntv=\count187
\c@Gm@tempcnt=\count188
\Gm@bindingoffset=\dimen143
\Gm@wd@mp=\dimen144
\Gm@odd@mp=\dimen145
\Gm@even@mp=\dimen146
\Gm@layoutwidth=\dimen147
\Gm@layoutheight=\dimen148
\Gm@layouthoffset=\dimen149
\Gm@layoutvoffset=\dimen150
\Gm@dimlist=\toks18

("D:\MiKTeX 2.9\tex\latex\geometry\geometry.cfg"))
("D:\MiKTeX 2.9\tex\latex\graphics\color.sty"
Package: color 2016/07/10 v1.1e Standard LaTeX Color (DPC)

("D:\MiKTeX 2.9\tex\latex\graphics-cfg\color.cfg"
File: color.cfg 2016/01/02 v1.6 sample color configuration
)
Package color Info: Driver file: pdftex.def on input line 147.

("D:\MiKTeX 2.9\tex\latex\graphics-def\pdftex.def"
File: pdftex.def 2017/01/12 v0.06k Graphics/color for pdfTeX

("D:\MiKTeX 2.9\tex\generic\oberdiek\infwarerr.sty"
Package: infwarerr 2016/05/16 v1.4 Providing info/warning/error messages (HO)
)
("D:\MiKTeX 2.9\tex\generic\oberdiek\ltxcmds.sty"
Package: ltxcmds 2016/05/16 v1.23 LaTeX kernel commands for general use (HO)
)
\Gread@gobject=\count189
))
("D:\MiKTeX 2.9\tex\latex\graphics\graphicx.sty"
Package: graphicx 2014/10/28 v1.0g Enhanced LaTeX Graphics (DPC,SPQR)

("D:\MiKTeX 2.9\tex\latex\graphics\graphics.sty"
Package: graphics 2016/10/09 v1.0u Standard LaTeX Graphics (DPC,SPQR)

("D:\MiKTeX 2.9\tex\latex\graphics\trig.sty"
Package: trig 2016/01/03 v1.10 sin cos tan (DPC)
)
("D:\MiKTeX 2.9\tex\latex\graphics-cfg\graphics.cfg"
File: graphics.cfg 2016/06/04 v1.11 sample graphics configuration
)
Package graphics Info: Driver file: pdftex.def on input line 99.
)
\Gin@req@height=\dimen151
\Gin@req@width=\dimen152
)
("D:\MiKTeX 2.9\tex\latex\amsfonts\amssymb.sty"
Package: amssymb 2013/01/14 v3.01 AMS font symbols

("D:\MiKTeX 2.9\tex\latex\amsfonts\amsfonts.sty"
Package: amsfonts 2013/01/14 v3.01 Basic AMSFonts support
\@emptytoks=\toks19
\symAMSa=\mathgroup4
\symAMSb=\mathgroup5
LaTeX Font Info:    Overwriting math alphabet `\mathfrak' in version `bold'
(Font)                  U/euf/m/n --> U/euf/b/n on input line 106.
))
("D:\MiKTeX 2.9\tex\latex\amsmath\amsmath.sty"
Package: amsmath 2016/11/05 v2.16a AMS math features
\@mathmargin=\skip53

For additional information on amsmath, use the `?' option.
("D:\MiKTeX 2.9\tex\latex\amsmath\amstext.sty"
Package: amstext 2000/06/29 v2.01 AMS text

("D:\MiKTeX 2.9\tex\latex\amsmath\amsgen.sty"
File: amsgen.sty 1999/11/30 v2.0 generic functions
\@emptytoks=\toks20
\ex@=\dimen153
))
("D:\MiKTeX 2.9\tex\latex\amsmath\amsbsy.sty"
Package: amsbsy 1999/11/29 v1.2d Bold Symbols
\pmbraise@=\dimen154
)
("D:\MiKTeX 2.9\tex\latex\amsmath\amsopn.sty"
Package: amsopn 2016/03/08 v2.02 operator names
)
\inf@bad=\count190
LaTeX Info: Redefining \frac on input line 213.
\uproot@=\count191
\leftroot@=\count192
LaTeX Info: Redefining \overline on input line 375.
\classnum@=\count193
\DOTSCASE@=\count194
LaTeX Info: Redefining \ldots on input line 472.
LaTeX Info: Redefining \dots on input line 475.
LaTeX Info: Redefining \cdots on input line 596.
\Mathstrutbox@=\box49
\strutbox@=\box50
\big@size=\dimen155
LaTeX Font Info:    Redeclaring font encoding OML on input line 712.
LaTeX Font Info:    Redeclaring font encoding OMS on input line 713.
\macc@depth=\count195
\c@MaxMatrixCols=\count196
\dotsspace@=\muskip16
\c@parentequation=\count197
\dspbrk@lvl=\count198
\tag@help=\toks21
\row@=\count199
\column@=\count266
\maxfields@=\count267
\andhelp@=\toks22
\eqnshift@=\dimen156
\alignsep@=\dimen157
\tagshift@=\dimen158
\tagwidth@=\dimen159
\totwidth@=\dimen160
\lineht@=\dimen161
\@envbody=\toks23
\multlinegap=\skip54
\multlinetaggap=\skip55
\mathdisplay@stack=\toks24
LaTeX Info: Redefining \[ on input line 2817.
LaTeX Info: Redefining \] on input line 2818.
)
("D:\MiKTeX 2.9\tex\latex\amscls\amsthm.sty"
Package: amsthm 2015/03/04 v2.20.2
\thm@style=\toks25
\thm@bodyfont=\toks26
\thm@headfont=\toks27
\thm@notefont=\toks28
\thm@headpunct=\toks29
\thm@preskip=\skip56
\thm@postskip=\skip57
\thm@headsep=\skip58
\dth@everypar=\toks30
)
("D:\MiKTeX 2.9\tex\latex\tools\enumerate.sty"
Package: enumerate 2015/07/23 v3.00 enumerate extensions (DPC)
\@enLab=\toks31
)
("D:\MiKTeX 2.9\tex\latex\tools\bm.sty"
Package: bm 2017/01/16 v1.2c Bold Symbol Support (DPC/FMi)
\symboldoperators=\mathgroup6
\symboldletters=\mathgroup7
\symboldsymbols=\mathgroup8
LaTeX Font Info:    Redeclaring math alphabet \mathbf on input line 141.
LaTeX Info: Redefining \bm on input line 207.
)
("D:\MiKTeX 2.9\tex\latex\hyperref\hyperref.sty"
Package: hyperref 2016/06/24 v6.83q Hypertext links for LaTeX

("D:\MiKTeX 2.9\tex\generic\oberdiek\hobsub-hyperref.sty"
Package: hobsub-hyperref 2016/05/16 v1.14 Bundle oberdiek, subset hyperref (HO)


("D:\MiKTeX 2.9\tex\generic\oberdiek\hobsub-generic.sty"
Package: hobsub-generic 2016/05/16 v1.14 Bundle oberdiek, subset generic (HO)
Package: hobsub 2016/05/16 v1.14 Construct package bundles (HO)
Package hobsub Info: Skipping package `infwarerr' (already loaded).
Package hobsub Info: Skipping package `ltxcmds' (already loaded).
Package: ifluatex 2016/05/16 v1.4 Provides the ifluatex switch (HO)
Package ifluatex Info: LuaTeX not detected.
Package hobsub Info: Skipping package `ifvtex' (already loaded).
Package: intcalc 2016/05/16 v1.2 Expandable calculations with integers (HO)
Package hobsub Info: Skipping package `ifpdf' (already loaded).
Package: etexcmds 2016/05/16 v1.6 Avoid name clashes with e-TeX commands (HO)
Package etexcmds Info: Could not find \expanded.
(etexcmds)             That can mean that you are not using pdfTeX 1.50 or
(etexcmds)             that some package has redefined \expanded.
(etexcmds)             In the latter case, load this package earlier.
Package: kvsetkeys 2016/05/16 v1.17 Key value parser (HO)
Package: kvdefinekeys 2016/05/16 v1.4 Define keys (HO)
Package: pdftexcmds 2016/05/21 v0.22 Utility functions of pdfTeX for LuaTeX (HO
)
Package pdftexcmds Info: LuaTeX not detected.
Package pdftexcmds Info: \pdf@primitive is available.
Package pdftexcmds Info: \pdf@ifprimitive is available.
Package pdftexcmds Info: \pdfdraftmode found.
Package: pdfescape 2016/05/16 v1.14 Implements pdfTeX's escape features (HO)
Package: bigintcalc 2016/05/16 v1.4 Expandable calculations on big integers (HO
)
Package: bitset 2016/05/16 v1.2 Handle bit-vector datatype (HO)
Package: uniquecounter 2016/05/16 v1.3 Provide unlimited unique counter (HO)
)
Package hobsub Info: Skipping package `hobsub' (already loaded).
Package: letltxmacro 2016/05/16 v1.5 Let assignment for LaTeX macros (HO)
Package: hopatch 2016/05/16 v1.3 Wrapper for package hooks (HO)
Package: xcolor-patch 2016/05/16 xcolor patch
Package: atveryend 2016/05/16 v1.9 Hooks at the very end of document (HO)
Package atveryend Info: \enddocument detected (standard20110627).
Package: atbegshi 2016/06/09 v1.18 At begin shipout hook (HO)
Package: refcount 2016/05/16 v3.5 Data extraction from label references (HO)
Package: hycolor 2016/05/16 v1.8 Color options for hyperref/bookmark (HO)
)
("D:\MiKTeX 2.9\tex\latex\oberdiek\auxhook.sty"
Package: auxhook 2016/05/16 v1.4 Hooks for auxiliary files (HO)
)
("D:\MiKTeX 2.9\tex\latex\oberdiek\kvoptions.sty"
Package: kvoptions 2016/05/16 v3.12 Key value format for package options (HO)
)
\@linkdim=\dimen162
\Hy@linkcounter=\count268
\Hy@pagecounter=\count269

("D:\MiKTeX 2.9\tex\latex\hyperref\pd1enc.def"
File: pd1enc.def 2016/06/24 v6.83q Hyperref: PDFDocEncoding definition (HO)
Now handling font encoding PD1 ...
... no UTF-8 mapping file for font encoding PD1
)
\Hy@SavedSpaceFactor=\count270

("D:\MiKTeX 2.9\tex\latex\00miktex\hyperref.cfg"
File: hyperref.cfg 2002/06/06 v1.2 hyperref configuration of TeXLive
)
Package hyperref Info: Option `unicode' set `true' on input line 4362.

("D:\MiKTeX 2.9\tex\latex\hyperref\puenc.def"
File: puenc.def 2016/06/24 v6.83q Hyperref: PDF Unicode definition (HO)
Now handling font encoding PU ...
... no UTF-8 mapping file for font encoding PU
)
Package hyperref Info: Hyper figures OFF on input line 4486.
Package hyperref Info: Link nesting OFF on input line 4491.
Package hyperref Info: Hyper index ON on input line 4494.
Package hyperref Info: Plain pages OFF on input line 4501.
Package hyperref Info: Backreferencing OFF on input line 4506.
Package hyperref Info: Implicit mode ON; LaTeX internals redefined.
Package hyperref Info: Bookmarks ON on input line 4735.
\c@Hy@tempcnt=\count271

("D:\MiKTeX 2.9\tex\latex\url\url.sty"
\Urlmuskip=\muskip17
Package: url 2013/09/16  ver 3.4  Verb mode for urls, etc.
)
LaTeX Info: Redefining \url on input line 5088.
\XeTeXLinkMargin=\dimen163
\Fld@menulength=\count272
\Field@Width=\dimen164
\Fld@charsize=\dimen165
Package hyperref Info: Hyper figures OFF on input line 6342.
Package hyperref Info: Link nesting OFF on input line 6347.
Package hyperref Info: Hyper index ON on input line 6350.
Package hyperref Info: backreferencing OFF on input line 6357.
Package hyperref Info: Link coloring OFF on input line 6362.
Package hyperref Info: Link coloring with OCG OFF on input line 6367.
Package hyperref Info: PDF/A mode OFF on input line 6372.
LaTeX Info: Redefining \ref on input line 6412.
LaTeX Info: Redefining \pageref on input line 6416.
\Hy@abspage=\count273
\c@Item=\count274
\c@Hfootnote=\count275
)

Package hyperref Message: Driver (autodetected): hpdftex.

("D:\MiKTeX 2.9\tex\latex\hyperref\hpdftex.def"
File: hpdftex.def 2016/06/24 v6.83q Hyperref driver for pdfTeX
\Fld@listcount=\count276
\c@bookmark@seq@number=\count277

("D:\MiKTeX 2.9\tex\latex\oberdiek\rerunfilecheck.sty"
Package: rerunfilecheck 2016/05/16 v1.8 Rerun checks for auxiliary files (HO)
Package uniquecounter Info: New unique counter `rerunfilecheck' on input line 2
82.
)
\Hy@SectionHShift=\skip59
)
("D:\MiKTeX 2.9\tex\latex\pgfplots\pgfplots.sty"
("D:\MiKTeX 2.9\tex\generic\pgfplots\pgfplots.revision.tex")
Package: pgfplots 2018/03/28 v1.16 Data Visualization (1.16)

("D:\MiKTeX 2.9\tex\latex\pgf\frontendlayer\tikz.sty"
("D:\MiKTeX 2.9\tex\latex\pgf\basiclayer\pgf.sty"
("D:\MiKTeX 2.9\tex\latex\pgf\utilities\pgfrcs.sty"
("D:\MiKTeX 2.9\tex\generic\pgf\utilities\pgfutil-common.tex"
\pgfutil@everybye=\toks32
\pgfutil@tempdima=\dimen166
\pgfutil@tempdimb=\dimen167

("D:\MiKTeX 2.9\tex\generic\pgf\utilities\pgfutil-common-lists.tex"))
("D:\MiKTeX 2.9\tex\generic\pgf\utilities\pgfutil-latex.def"
\pgfutil@abb=\box51

("D:\MiKTeX 2.9\tex\latex\ms\everyshi.sty"
Package: everyshi 2001/05/15 v3.00 EveryShipout Package (MS)
))
("D:\MiKTeX 2.9\tex\generic\pgf\utilities\pgfrcs.code.tex"
Package: pgfrcs 2015/08/07 v3.0.1a (rcs-revision 1.31)
))
Package: pgf 2015/08/07 v3.0.1a (rcs-revision 1.15)

("D:\MiKTeX 2.9\tex\latex\pgf\basiclayer\pgfcore.sty"
("D:\MiKTeX 2.9\tex\latex\pgf\systemlayer\pgfsys.sty"
("D:\MiKTeX 2.9\tex\generic\pgf\systemlayer\pgfsys.code.tex"
Package: pgfsys 2014/07/09 v3.0.1a (rcs-revision 1.48)

("D:\MiKTeX 2.9\tex\generic\pgf\utilities\pgfkeys.code.tex"
\pgfkeys@pathtoks=\toks33
\pgfkeys@temptoks=\toks34

("D:\MiKTeX 2.9\tex\generic\pgf\utilities\pgfkeysfiltered.code.tex"
\pgfkeys@tmptoks=\toks35
))
\pgf@x=\dimen168
\pgf@y=\dimen169
\pgf@xa=\dimen170
\pgf@ya=\dimen171
\pgf@xb=\dimen172
\pgf@yb=\dimen173
\pgf@xc=\dimen174
\pgf@yc=\dimen175
\w@pgf@writea=\write3
\r@pgf@reada=\read2
\c@pgf@counta=\count278
\c@pgf@countb=\count279
\c@pgf@countc=\count280
\c@pgf@countd=\count281
\t@pgf@toka=\toks36
\t@pgf@tokb=\toks37
\t@pgf@tokc=\toks38

("D:\MiKTeX 2.9\tex\generic\pgf\systemlayer\pgf.cfg"
File: pgf.cfg 2008/05/14  (rcs-revision 1.7)
)
Driver file for pgf: pgfsys-pdftex.def

("D:\MiKTeX 2.9\tex\generic\pgf\systemlayer\pgfsys-pdftex.def"
File: pgfsys-pdftex.def 2014/10/11  (rcs-revision 1.35)

("D:\MiKTeX 2.9\tex\generic\pgf\systemlayer\pgfsys-common-pdf.def"
File: pgfsys-common-pdf.def 2013/10/10  (rcs-revision 1.13)
)))
("D:\MiKTeX 2.9\tex\generic\pgf\systemlayer\pgfsyssoftpath.code.tex"
File: pgfsyssoftpath.code.tex 2013/09/09  (rcs-revision 1.9)
\pgfsyssoftpath@smallbuffer@items=\count282
\pgfsyssoftpath@bigbuffer@items=\count283
)
("D:\MiKTeX 2.9\tex\generic\pgf\systemlayer\pgfsysprotocol.code.tex"
File: pgfsysprotocol.code.tex 2006/10/16  (rcs-revision 1.4)
))
("D:\MiKTeX 2.9\tex\latex\xcolor\xcolor.sty"
Package: xcolor 2016/05/11 v2.12 LaTeX color extensions (UK)

("D:\MiKTeX 2.9\tex\latex\graphics-cfg\color.cfg"
File: color.cfg 2016/01/02 v1.6 sample color configuration
)
Package xcolor Info: Driver file: pdftex.def on input line 225.
LaTeX Info: Redefining \color on input line 709.
Package xcolor Info: Model `cmy' substituted by `cmy0' on input line 1348.
Package xcolor Info: Model `hsb' substituted by `rgb' on input line 1352.
Package xcolor Info: Model `RGB' extended on input line 1364.
Package xcolor Info: Model `HTML' substituted by `rgb' on input line 1366.
Package xcolor Info: Model `Hsb' substituted by `hsb' on input line 1367.
Package xcolor Info: Model `tHsb' substituted by `hsb' on input line 1368.
Package xcolor Info: Model `HSB' substituted by `hsb' on input line 1369.
Package xcolor Info: Model `Gray' substituted by `gray' on input line 1370.
Package xcolor Info: Model `wave' substituted by `hsb' on input line 1371.
)
("D:\MiKTeX 2.9\tex\generic\pgf\basiclayer\pgfcore.code.tex"
Package: pgfcore 2010/04/11 v3.0.1a (rcs-revision 1.7)

("D:\MiKTeX 2.9\tex\generic\pgf\math\pgfmath.code.tex"
("D:\MiKTeX 2.9\tex\generic\pgf\math\pgfmathcalc.code.tex"
("D:\MiKTeX 2.9\tex\generic\pgf\math\pgfmathutil.code.tex")
("D:\MiKTeX 2.9\tex\generic\pgf\math\pgfmathparser.code.tex"
\pgfmath@dimen=\dimen176
\pgfmath@count=\count284
\pgfmath@box=\box52
\pgfmath@toks=\toks39
\pgfmath@stack@operand=\toks40
\pgfmath@stack@operation=\toks41
)
("D:\MiKTeX 2.9\tex\generic\pgf\math\pgfmathfunctions.code.tex"
("D:\MiKTeX 2.9\tex\generic\pgf\math\pgfmathfunctions.basic.code.tex")
("D:\MiKTeX 2.9\tex\generic\pgf\math\pgfmathfunctions.trigonometric.code.tex")
("D:\MiKTeX 2.9\tex\generic\pgf\math\pgfmathfunctions.random.code.tex")
("D:\MiKTeX 2.9\tex\generic\pgf\math\pgfmathfunctions.comparison.code.tex")
("D:\MiKTeX 2.9\tex\generic\pgf\math\pgfmathfunctions.base.code.tex")
("D:\MiKTeX 2.9\tex\generic\pgf\math\pgfmathfunctions.round.code.tex")
("D:\MiKTeX 2.9\tex\generic\pgf\math\pgfmathfunctions.misc.code.tex")
("D:\MiKTeX 2.9\tex\generic\pgf\math\pgfmathfunctions.integerarithmetics.code.t
ex"))) ("D:\MiKTeX 2.9\tex\generic\pgf\math\pgfmathfloat.code.tex"
\c@pgfmathroundto@lastzeros=\count285
))
("D:\MiKTeX 2.9\tex\generic\pgf\basiclayer\pgfcorepoints.code.tex"
File: pgfcorepoints.code.tex 2013/10/07  (rcs-revision 1.27)
\pgf@picminx=\dimen177
\pgf@picmaxx=\dimen178
\pgf@picminy=\dimen179
\pgf@picmaxy=\dimen180
\pgf@pathminx=\dimen181
\pgf@pathmaxx=\dimen182
\pgf@pathminy=\dimen183
\pgf@pathmaxy=\dimen184
\pgf@xx=\dimen185
\pgf@xy=\dimen186
\pgf@yx=\dimen187
\pgf@yy=\dimen188
\pgf@zx=\dimen189
\pgf@zy=\dimen190
)
("D:\MiKTeX 2.9\tex\generic\pgf\basiclayer\pgfcorepathconstruct.code.tex"
File: pgfcorepathconstruct.code.tex 2013/10/07  (rcs-revision 1.29)
\pgf@path@lastx=\dimen191
\pgf@path@lasty=\dimen192
)
("D:\MiKTeX 2.9\tex\generic\pgf\basiclayer\pgfcorepathusage.code.tex"
File: pgfcorepathusage.code.tex 2014/11/02  (rcs-revision 1.24)
\pgf@shorten@end@additional=\dimen193
\pgf@shorten@start@additional=\dimen194
)
("D:\MiKTeX 2.9\tex\generic\pgf\basiclayer\pgfcorescopes.code.tex"
File: pgfcorescopes.code.tex 2015/05/08  (rcs-revision 1.46)
\pgfpic=\box53
\pgf@hbox=\box54
\pgf@layerbox@main=\box55
\pgf@picture@serial@count=\count286
)
("D:\MiKTeX 2.9\tex\generic\pgf\basiclayer\pgfcoregraphicstate.code.tex"
File: pgfcoregraphicstate.code.tex 2014/11/02  (rcs-revision 1.12)
\pgflinewidth=\dimen195
)
("D:\MiKTeX 2.9\tex\generic\pgf\basiclayer\pgfcoretransformations.code.tex"
File: pgfcoretransformations.code.tex 2015/08/07  (rcs-revision 1.20)
\pgf@pt@x=\dimen196
\pgf@pt@y=\dimen197
\pgf@pt@temp=\dimen198
)
("D:\MiKTeX 2.9\tex\generic\pgf\basiclayer\pgfcorequick.code.tex"
File: pgfcorequick.code.tex 2008/10/09  (rcs-revision 1.3)
)
("D:\MiKTeX 2.9\tex\generic\pgf\basiclayer\pgfcoreobjects.code.tex"
File: pgfcoreobjects.code.tex 2006/10/11  (rcs-revision 1.2)
)
("D:\MiKTeX 2.9\tex\generic\pgf\basiclayer\pgfcorepathprocessing.code.tex"
File: pgfcorepathprocessing.code.tex 2013/09/09  (rcs-revision 1.9)
)
("D:\MiKTeX 2.9\tex\generic\pgf\basiclayer\pgfcorearrows.code.tex"
File: pgfcorearrows.code.tex 2015/05/14  (rcs-revision 1.43)
\pgfarrowsep=\dimen199
)
("D:\MiKTeX 2.9\tex\generic\pgf\basiclayer\pgfcoreshade.code.tex"
File: pgfcoreshade.code.tex 2013/07/15  (rcs-revision 1.15)
\pgf@max=\dimen256
\pgf@sys@shading@range@num=\count287
)
("D:\MiKTeX 2.9\tex\generic\pgf\basiclayer\pgfcoreimage.code.tex"
File: pgfcoreimage.code.tex 2013/07/15  (rcs-revision 1.18)

("D:\MiKTeX 2.9\tex\generic\pgf\basiclayer\pgfcoreexternal.code.tex"
File: pgfcoreexternal.code.tex 2014/07/09  (rcs-revision 1.21)
\pgfexternal@startupbox=\box56
))
("D:\MiKTeX 2.9\tex\generic\pgf\basiclayer\pgfcorelayers.code.tex"
File: pgfcorelayers.code.tex 2013/07/18  (rcs-revision 1.7)
)
("D:\MiKTeX 2.9\tex\generic\pgf\basiclayer\pgfcoretransparency.code.tex"
File: pgfcoretransparency.code.tex 2013/09/30  (rcs-revision 1.5)
)
("D:\MiKTeX 2.9\tex\generic\pgf\basiclayer\pgfcorepatterns.code.tex"
File: pgfcorepatterns.code.tex 2013/11/07  (rcs-revision 1.5)
)))
("D:\MiKTeX 2.9\tex\generic\pgf\modules\pgfmoduleshapes.code.tex"
File: pgfmoduleshapes.code.tex 2014/03/21  (rcs-revision 1.35)
\pgfnodeparttextbox=\box57
)
("D:\MiKTeX 2.9\tex\generic\pgf\modules\pgfmoduleplot.code.tex"
File: pgfmoduleplot.code.tex 2015/08/03  (rcs-revision 1.13)
)
("D:\MiKTeX 2.9\tex\latex\pgf\compatibility\pgfcomp-version-0-65.sty"
Package: pgfcomp-version-0-65 2007/07/03 v3.0.1a (rcs-revision 1.7)
\pgf@nodesepstart=\dimen257
\pgf@nodesepend=\dimen258
)
("D:\MiKTeX 2.9\tex\latex\pgf\compatibility\pgfcomp-version-1-18.sty"
Package: pgfcomp-version-1-18 2007/07/23 v3.0.1a (rcs-revision 1.1)
))
("D:\MiKTeX 2.9\tex\latex\pgf\utilities\pgffor.sty"
("D:\MiKTeX 2.9\tex\latex\pgf\utilities\pgfkeys.sty"
("D:\MiKTeX 2.9\tex\generic\pgf\utilities\pgfkeys.code.tex"))
("D:\MiKTeX 2.9\tex\latex\pgf\math\pgfmath.sty"
("D:\MiKTeX 2.9\tex\generic\pgf\math\pgfmath.code.tex"))
("D:\MiKTeX 2.9\tex\generic\pgf\utilities\pgffor.code.tex"
Package: pgffor 2013/12/13 v3.0.1a (rcs-revision 1.25)

("D:\MiKTeX 2.9\tex\generic\pgf\math\pgfmath.code.tex")
\pgffor@iter=\dimen259
\pgffor@skip=\dimen260
\pgffor@stack=\toks42
\pgffor@toks=\toks43
))
("D:\MiKTeX 2.9\tex\generic\pgf\frontendlayer\tikz\tikz.code.tex"
Package: tikz 2015/08/07 v3.0.1a (rcs-revision 1.151)

("D:\MiKTeX 2.9\tex\generic\pgf\libraries\pgflibraryplothandlers.code.tex"
File: pgflibraryplothandlers.code.tex 2013/08/31 v3.0.1a (rcs-revision 1.20)
\pgf@plot@mark@count=\count288
\pgfplotmarksize=\dimen261
)
\tikz@lastx=\dimen262
\tikz@lasty=\dimen263
\tikz@lastxsaved=\dimen264
\tikz@lastysaved=\dimen265
\tikzleveldistance=\dimen266
\tikzsiblingdistance=\dimen267
\tikz@figbox=\box58
\tikz@figbox@bg=\box59
\tikz@tempbox=\box60
\tikz@tempbox@bg=\box61
\tikztreelevel=\count289
\tikznumberofchildren=\count290
\tikznumberofcurrentchild=\count291
\tikz@fig@count=\count292

("D:\MiKTeX 2.9\tex\generic\pgf\modules\pgfmodulematrix.code.tex"
File: pgfmodulematrix.code.tex 2013/09/17  (rcs-revision 1.8)
\pgfmatrixcurrentrow=\count293
\pgfmatrixcurrentcolumn=\count294
\pgf@matrix@numberofcolumns=\count295
)
\tikz@expandcount=\count296

("D:\MiKTeX 2.9\tex\generic\pgf\frontendlayer\tikz\libraries\tikzlibrarytopaths
.code.tex"
File: tikzlibrarytopaths.code.tex 2008/06/17 v3.0.1a (rcs-revision 1.2)
))) ("D:\MiKTeX 2.9\tex\generic\pgfplots\pgfplots.code.tex"
("D:\MiKTeX 2.9\tex\generic\pgfplots\pgfplotscore.code.tex"
\t@pgfplots@toka=\toks44
\t@pgfplots@tokb=\toks45
\t@pgfplots@tokc=\toks46
\pgfplots@tmpa=\dimen268
\c@pgfplots@coordindex=\count297
\c@pgfplots@scanlineindex=\count298

("D:\MiKTeX 2.9\tex\generic\pgfplots\sys\pgfplotssysgeneric.code.tex"))
("D:\MiKTeX 2.9\tex\generic\pgfplots\libs\pgfplotslibrary.code.tex")
("D:\MiKTeX 2.9\tex\generic\pgfplots\oldpgfcompatib\pgfplotsoldpgfsupp_loader.c
ode.tex" ("D:\MiKTeX 2.9\tex\generic\pgf\libraries\pgflibraryfpu.code.tex")
Package pgfplots: loading complementary arithmetics for your pgf version...

("D:\MiKTeX 2.9\tex\generic\pgfplots\oldpgfcompatib\pgfplotsoldpgfsupp_pgflibra
ryfpu.code.tex")
("D:\MiKTeX 2.9\tex\generic\pgfplots\oldpgfcompatib\pgfplotsoldpgfsupp_pgfmathf
loat.code.tex"
\c@pgfmathroundto@lastzeros=\count299
)
("D:\MiKTeX 2.9\tex\generic\pgfplots\oldpgfcompatib\pgfplotsoldpgfsupp_leq.code
.tex")) ("D:\MiKTeX 2.9\tex\generic\pgfplots\util\pgfplotsutil.code.tex"
("D:\MiKTeX 2.9\tex\generic\pgfplots\liststructure\pgfplotsliststructure.code.t
ex")
("D:\MiKTeX 2.9\tex\generic\pgfplots\liststructure\pgfplotsliststructureext.cod
e.tex")
("D:\MiKTeX 2.9\tex\generic\pgfplots\liststructure\pgfplotsarray.code.tex"
\c@pgfplotsarray@tmp=\count300
)
("D:\MiKTeX 2.9\tex\generic\pgfplots\liststructure\pgfplotsmatrix.code.tex")
("D:\MiKTeX 2.9\tex\generic\pgfplots\numtable\pgfplotstableshared.code.tex"
\c@pgfplotstable@counta=\count301
\t@pgfplotstable@a=\toks47
)
("D:\MiKTeX 2.9\tex\generic\pgfplots\liststructure\pgfplotsdeque.code.tex")
("D:\MiKTeX 2.9\tex\generic\pgfplots\util\pgfplotsbinary.code.tex"
("D:\MiKTeX 2.9\tex\generic\pgfplots\util\pgfplotsbinary.data.code.tex"))
("D:\MiKTeX 2.9\tex\generic\pgfplots\util\pgfplotsutil.verb.code.tex")
("D:\MiKTeX 2.9\tex\generic\pgfplots\libs\pgflibrarypgfplots.surfshading.code.t
ex"
\c@pgfplotslibrarysurf@no=\count302

("D:\MiKTeX 2.9\tex\generic\pgfplots\sys\pgflibrarypgfplots.surfshading.pgfsys-
pdftex.def")))
("D:\MiKTeX 2.9\tex\generic\pgfplots\util\pgfplotscolormap.code.tex"
("D:\MiKTeX 2.9\tex\generic\pgfplots\util\pgfplotscolor.code.tex"))
("D:\MiKTeX 2.9\tex\generic\pgfplots\pgfplotsstackedplots.code.tex")
("D:\MiKTeX 2.9\tex\generic\pgfplots\pgfplotsplothandlers.code.tex"
("D:\MiKTeX 2.9\tex\generic\pgfplots\pgfplotsmeshplothandler.code.tex"
("D:\MiKTeX 2.9\tex\generic\pgfplots\pgfplotsmeshplotimage.code.tex")))
("D:\MiKTeX 2.9\tex\generic\pgfplots\pgfplots.scaling.code.tex")
("D:\MiKTeX 2.9\tex\generic\pgfplots\pgfplotscoordprocessing.code.tex")
("D:\MiKTeX 2.9\tex\generic\pgfplots\pgfplots.errorbars.code.tex")
("D:\MiKTeX 2.9\tex\generic\pgfplots\pgfplots.markers.code.tex")
("D:\MiKTeX 2.9\tex\generic\pgfplots\pgfplotsticks.code.tex")
("D:\MiKTeX 2.9\tex\generic\pgfplots\pgfplots.paths.code.tex")
("D:\MiKTeX 2.9\tex\generic\pgf\frontendlayer\tikz\libraries\tikzlibrarydecorat
ions.code.tex"
("D:\MiKTeX 2.9\tex\generic\pgf\modules\pgfmoduledecorations.code.tex"
\pgfdecoratedcompleteddistance=\dimen269
\pgfdecoratedremainingdistance=\dimen270
\pgfdecoratedinputsegmentcompleteddistance=\dimen271
\pgfdecoratedinputsegmentremainingdistance=\dimen272
\pgf@decorate@distancetomove=\dimen273
\pgf@decorate@repeatstate=\count303
\pgfdecorationsegmentamplitude=\dimen274
\pgfdecorationsegmentlength=\dimen275
)
\tikz@lib@dec@box=\box62
)
("D:\MiKTeX 2.9\tex\generic\pgf\frontendlayer\tikz\libraries\tikzlibrarydecorat
ions.pathmorphing.code.tex"
("D:\MiKTeX 2.9\tex\generic\pgf\libraries\decorations\pgflibrarydecorations.pat
hmorphing.code.tex"))
("D:\MiKTeX 2.9\tex\generic\pgf\frontendlayer\tikz\libraries\tikzlibrarydecorat
ions.pathreplacing.code.tex"
("D:\MiKTeX 2.9\tex\generic\pgf\libraries\decorations\pgflibrarydecorations.pat
hreplacing.code.tex"))
\pgfplots@numplots=\count304
\pgfplots@xmin@reg=\dimen276
\pgfplots@xmax@reg=\dimen277
\pgfplots@ymin@reg=\dimen278
\pgfplots@ymax@reg=\dimen279
\pgfplots@zmin@reg=\dimen280
\pgfplots@zmax@reg=\dimen281
)
("D:\MiKTeX 2.9\tex\generic\pgf\frontendlayer\tikz\libraries\tikzlibraryplotmar
ks.code.tex"
File: tikzlibraryplotmarks.code.tex 2008/01/09 v3.0.1a (rcs-revision 1.1)

("D:\MiKTeX 2.9\tex\generic\pgf\libraries\pgflibraryplotmarks.code.tex"
File: pgflibraryplotmarks.code.tex 2015/08/03 v3.0.1a (rcs-revision 1.14)
)))
("D:\MiKTeX 2.9\tex\latex\graphics\epsfig.sty"
Package: epsfig 1999/02/16 v1.7a (e)psfig emulation (SPQR)
\epsfxsize=\dimen282
\epsfysize=\dimen283
)
("D:\MiKTeX 2.9\tex\latex\mdframed\mdframed.sty"
Package: mdframed 2013/07/01 1.9b: mdframed

("D:\MiKTeX 2.9\tex\latex\etoolbox\etoolbox.sty"
Package: etoolbox 2018/02/11 v2.5e e-TeX tools for LaTeX (JAW)
\etb@tempcnta=\count305
)
("D:\MiKTeX 2.9\tex\latex\oberdiek\zref-abspage.sty"
Package: zref-abspage 2016/05/21 v2.26 Module abspage for zref (HO)

("D:\MiKTeX 2.9\tex\latex\oberdiek\zref-base.sty"
Package: zref-base 2016/05/21 v2.26 Module base for zref (HO)
Package zref Info: New property list: main on input line 759.
Package zref Info: New property: default on input line 760.
Package zref Info: New property: page on input line 761.
)
\c@abspage=\count306
Package zref Info: New property: abspage on input line 62.
)
("D:\MiKTeX 2.9\tex\latex\needspace\needspace.sty"
Package: needspace 2010/09/12 v1.3d reserve vertical space
)
\mdf@templength=\skip60
\c@mdf@globalstyle@cnt=\count307
\mdf@skipabove@length=\skip61
\mdf@skipbelow@length=\skip62
\mdf@leftmargin@length=\skip63
\mdf@rightmargin@length=\skip64
\mdf@innerleftmargin@length=\skip65
\mdf@innerrightmargin@length=\skip66
\mdf@innertopmargin@length=\skip67
\mdf@innerbottommargin@length=\skip68
\mdf@splittopskip@length=\skip69
\mdf@splitbottomskip@length=\skip70
\mdf@outermargin@length=\skip71
\mdf@innermargin@length=\skip72
\mdf@linewidth@length=\skip73
\mdf@innerlinewidth@length=\skip74
\mdf@middlelinewidth@length=\skip75
\mdf@outerlinewidth@length=\skip76
\mdf@roundcorner@length=\skip77
\mdf@footenotedistance@length=\skip78
\mdf@userdefinedwidth@length=\skip79
\mdf@needspace@length=\skip80
\mdf@frametitleaboveskip@length=\skip81
\mdf@frametitlebelowskip@length=\skip82
\mdf@frametitlerulewidth@length=\skip83
\mdf@frametitleleftmargin@length=\skip84
\mdf@frametitlerightmargin@length=\skip85
\mdf@shadowsize@length=\skip86
\mdf@extratopheight@length=\skip87
\mdf@subtitleabovelinewidth@length=\skip88
\mdf@subtitlebelowlinewidth@length=\skip89
\mdf@subtitleaboveskip@length=\skip90
\mdf@subtitlebelowskip@length=\skip91
\mdf@subtitleinneraboveskip@length=\skip92
\mdf@subtitleinnerbelowskip@length=\skip93
\mdf@subsubtitleabovelinewidth@length=\skip94
\mdf@subsubtitlebelowlinewidth@length=\skip95
\mdf@subsubtitleaboveskip@length=\skip96
\mdf@subsubtitlebelowskip@length=\skip97
\mdf@subsubtitleinneraboveskip@length=\skip98
\mdf@subsubtitleinnerbelowskip@length=\skip99

("D:\MiKTeX 2.9\tex\latex\mdframed\md-frame-0.mdf"
File: md-frame-0.mdf 2013/07/01\ 1.9b: md-frame-0
)
\mdf@frametitlebox=\box63
\mdf@footnotebox=\box64
\mdf@splitbox@one=\box65
\mdf@splitbox@two=\box66
\mdf@splitbox@save=\box67
\mdfsplitboxwidth=\skip100
\mdfsplitboxtotalwidth=\skip101
\mdfsplitboxheight=\skip102
\mdfsplitboxdepth=\skip103
\mdfsplitboxtotalheight=\skip104
\mdfframetitleboxwidth=\skip105
\mdfframetitleboxtotalwidth=\skip106
\mdfframetitleboxheight=\skip107
\mdfframetitleboxdepth=\skip108
\mdfframetitleboxtotalheight=\skip109
\mdffootnoteboxwidth=\skip110
\mdffootnoteboxtotalwidth=\skip111
\mdffootnoteboxheight=\skip112
\mdffootnoteboxdepth=\skip113
\mdffootnoteboxtotalheight=\skip114
\mdftotallinewidth=\skip115
\mdfboundingboxwidth=\skip116
\mdfboundingboxtotalwidth=\skip117
\mdfboundingboxheight=\skip118
\mdfboundingboxdepth=\skip119
\mdfboundingboxtotalheight=\skip120
\mdf@freevspace@length=\skip121
\mdf@horizontalwidthofbox@length=\skip122
\mdf@verticalmarginwhole@length=\skip123
\mdf@horizontalspaceofbox=\skip124
\mdfsubtitleheight=\skip125
\mdfsubsubtitleheight=\skip126
\c@mdfcountframes=\count308

****** mdframed patching \endmdf@trivlist

****** -- success******

.................................................
. LaTeX info: "xparse/define-command"
. 
. Defining command \newmdtheoremenv with sig. 'O{} m o m o ' on line 601.
.................................................
.................................................
. LaTeX info: "xparse/define-command"
. 
. Defining command \mdtheorem with sig. ' O{} m o m o ' on line 701.
.................................................
\mdf@envdepth=\count309
\c@mdf@env@i=\count310
\c@mdf@env@ii=\count311
\c@mdf@zref@counter=\count312
Package zref Info: New property: mdf@pagevalue on input line 895.
)
("D:\MiKTeX 2.9\tex\latex\lipsum\lipsum.sty"
Package: lipsum 2014/07/27 v1.3 150 paragraphs of Lorem Ipsum dummy text
\c@lips@count=\count313
)
("D:\MiKTeX 2.9\tex\latex\algorithms\algorithm.sty"
Package: algorithm 2009/08/24 v0.1 Document Style `algorithm' - floating enviro
nment

("D:\MiKTeX 2.9\tex\latex\float\float.sty"
Package: float 2001/11/08 v1.3d Float enhancements (AL)
\c@float@type=\count314
\float@exts=\toks48
\float@box=\box68
\@float@everytoks=\toks49
\@floatcapt=\box69
)
("D:\MiKTeX 2.9\tex\latex\base\ifthen.sty"
Package: ifthen 2014/09/29 v1.1c Standard LaTeX ifthen package (DPC)
)
\@float@every@algorithm=\toks50
\c@algorithm=\count315
)
("D:\MiKTeX 2.9\tex\latex\algorithmicx\algpseudocode.sty"
Package: algpseudocode 

("D:\MiKTeX 2.9\tex\latex\algorithmicx\algorithmicx.sty"
Package: algorithmicx 2005/04/27 v1.2 Algorithmicx

Document Style algorithmicx 1.2 - a greatly improved `algorithmic' style
\c@ALG@line=\count316
\c@ALG@rem=\count317
\c@ALG@nested=\count318
\ALG@tlm=\skip127
\ALG@thistlm=\skip128
\c@ALG@Lnr=\count319
\c@ALG@blocknr=\count320
\c@ALG@storecount=\count321
\c@ALG@tmpcounter=\count322
\ALG@tmplength=\skip129
)
Document Style - pseudocode environments for use with the `algorithmicx' style
)
\c@thm-box=\count323
\c@prop-box=\count324
\c@def-box=\count325
\c@theorem=\count326
 ("D:\MiKTeX 2.9\tex\latex\listings\listings.sty"
\lst@mode=\count327
\lst@gtempboxa=\box70
\lst@token=\toks51
\lst@length=\count328
\lst@currlwidth=\dimen284
\lst@column=\count329
\lst@pos=\count330
\lst@lostspace=\dimen285
\lst@width=\dimen286
\lst@newlines=\count331
\lst@lineno=\count332
\lst@maxwidth=\dimen287

("D:\MiKTeX 2.9\tex\latex\listings\lstmisc.sty"
File: lstmisc.sty 2015/06/04 1.6 (Carsten Heinz)
\c@lstnumber=\count333
\lst@skipnumbers=\count334
\lst@framebox=\box71
)
("D:\MiKTeX 2.9\tex\latex\listings\listings.cfg"
File: listings.cfg 2015/06/04 1.6 listings configuration
))
Package: listings 2015/06/04 1.6 (Carsten Heinz)

("D:\MiKTeX 2.9\tex\latex\fancyhdr\fancyhdr.sty"
Package: fancyhdr 2017/06/30 v3.9a Extensive control of page headers and footer
s
\f@nch@headwidth=\skip130
\f@nch@O@elh=\skip131
\f@nch@O@erh=\skip132
\f@nch@O@olh=\skip133
\f@nch@O@orh=\skip134
\f@nch@O@elf=\skip135
\f@nch@O@erf=\skip136
\f@nch@O@olf=\skip137
\f@nch@O@orf=\skip138
)
("D:\MiKTeX 2.9\tex\latex\lastpage\lastpage.sty"
Package: lastpage 2015/03/29 v1.2m Refers to last page's name (HMM; JPG)
)
("D:\MiKTeX 2.9\tex\latex\tools\layout.sty"
Package: layout 2014/10/28 v1.2c Show layout parameters
\oneinch=\count335
\cnt@paperwidth=\count336
\cnt@paperheight=\count337
\cnt@hoffset=\count338
\cnt@voffset=\count339
\cnt@textheight=\count340
\cnt@textwidth=\count341
\cnt@topmargin=\count342
\cnt@oddsidemargin=\count343
\cnt@evensidemargin=\count344
\cnt@headheight=\count345
\cnt@headsep=\count346
\cnt@marginparsep=\count347
\cnt@marginparwidth=\count348
\cnt@marginparpush=\count349
\cnt@footskip=\count350
\fheight=\count351
\ref@top=\count352
\ref@hoffset=\count353
\ref@voffset=\count354
\ref@head=\count355
\ref@body=\count356
\ref@foot=\count357
\ref@margin=\count358
\ref@marginwidth=\count359
\ref@marginpar=\count360
\Interval=\count361
\ExtraYPos=\count362
\PositionX=\count363
\PositionY=\count364
\ArrowLength=\count365
)
\c@myThm=\count366

("D:\MiKTeX 2.9\tex\latex\multirow\multirow.sty"
Package: multirow 2016/11/25 v2.2 Span multiple rows of a table
\multirow@colwidth=\skip139
\multirow@cntb=\count367
\multirow@dima=\skip140
\bigstrutjot=\dimen288
)
("D:\MiKTeX 2.9\tex\latex\cjk\UTF8\UTF8.bdg"
File: UTF8.bdg 2015/04/18 4.8.4
)
("D:\MiKTeX 2.9\tex\latex\cjk\UTF8\UTF8.enc"
File: UTF8.enc 2015/04/18 4.8.4
)
("D:\MiKTeX 2.9\tex\latex\cjk\UTF8\UTF8.chr"
File: UTF8.chr 2015/04/18 4.8.4
) (PS5_template.aux)
\openout1 = `PS5_template.aux'.

LaTeX Font Info:    Checking defaults for OML/cmm/m/it on input line 82.
LaTeX Font Info:    ... okay on input line 82.
LaTeX Font Info:    Checking defaults for T1/cmr/m/n on input line 82.
LaTeX Font Info:    ... okay on input line 82.
LaTeX Font Info:    Checking defaults for OT1/cmr/m/n on input line 82.
LaTeX Font Info:    ... okay on input line 82.
LaTeX Font Info:    Checking defaults for OMS/cmsy/m/n on input line 82.
LaTeX Font Info:    ... okay on input line 82.
LaTeX Font Info:    Checking defaults for OMX/cmex/m/n on input line 82.
LaTeX Font Info:    ... okay on input line 82.
LaTeX Font Info:    Checking defaults for U/cmr/m/n on input line 82.
LaTeX Font Info:    ... okay on input line 82.
LaTeX Font Info:    Checking defaults for TS1/cmr/m/n on input line 82.
LaTeX Font Info:    ... okay on input line 82.
LaTeX Font Info:    Checking defaults for C00/song/m/n on input line 82.
LaTeX Font Info:    ... okay on input line 82.
LaTeX Font Info:    Checking defaults for C05/song/m/n on input line 82.
LaTeX Font Info:    ... okay on input line 82.
LaTeX Font Info:    Checking defaults for C09/song/m/n on input line 82.
LaTeX Font Info:    ... okay on input line 82.
LaTeX Font Info:    Checking defaults for C10/song/m/n on input line 82.
LaTeX Font Info:    ... okay on input line 82.
LaTeX Font Info:    Checking defaults for C20/song/m/n on input line 82.
LaTeX Font Info:    ... okay on input line 82.
LaTeX Font Info:    Checking defaults for C19/song/m/n on input line 82.
LaTeX Font Info:    ... okay on input line 82.
LaTeX Font Info:    Checking defaults for C40/song/m/n on input line 82.
LaTeX Font Info:    ... okay on input line 82.
LaTeX Font Info:    Checking defaults for C42/song/m/n on input line 82.
LaTeX Font Info:    ... okay on input line 82.
LaTeX Font Info:    Checking defaults for C43/song/m/n on input line 82.
LaTeX Font Info:    ... okay on input line 82.
LaTeX Font Info:    Checking defaults for C50/song/m/n on input line 82.
LaTeX Font Info:    ... okay on input line 82.
LaTeX Font Info:    Checking defaults for C52/song/m/n on input line 82.
LaTeX Font Info:    ... okay on input line 82.
LaTeX Font Info:    Checking defaults for C49/song/m/n on input line 82.
LaTeX Font Info:    ... okay on input line 82.
LaTeX Font Info:    Checking defaults for C60/mj/m/n on input line 82.
LaTeX Font Info:    ... okay on input line 82.
LaTeX Font Info:    Checking defaults for C61/mj/m/n on input line 82.
LaTeX Font Info:    ... okay on input line 82.
LaTeX Font Info:    Checking defaults for C63/mj/m/n on input line 82.
LaTeX Font Info:    ... okay on input line 82.
LaTeX Font Info:    Checking defaults for C64/mj/m/n on input line 82.
LaTeX Font Info:    ... okay on input line 82.
LaTeX Font Info:    Checking defaults for C65/mj/m/n on input line 82.
LaTeX Font Info:    ... okay on input line 82.
LaTeX Font Info:    Checking defaults for C70/song/m/n on input line 82.
LaTeX Font Info:    ... okay on input line 82.
LaTeX Font Info:    Checking defaults for C31/song/m/n on input line 82.
LaTeX Font Info:    ... okay on input line 82.
LaTeX Font Info:    Checking defaults for C32/song/m/n on input line 82.
LaTeX Font Info:    ... okay on input line 82.
LaTeX Font Info:    Checking defaults for C33/song/m/n on input line 82.
LaTeX Font Info:    ... okay on input line 82.
LaTeX Font Info:    Checking defaults for C34/song/m/n on input line 82.
LaTeX Font Info:    ... okay on input line 82.
LaTeX Font Info:    Checking defaults for C35/song/m/n on input line 82.
LaTeX Font Info:    ... okay on input line 82.
LaTeX Font Info:    Checking defaults for C36/song/m/n on input line 82.
LaTeX Font Info:    ... okay on input line 82.
LaTeX Font Info:    Checking defaults for C37/song/m/n on input line 82.
LaTeX Font Info:    ... okay on input line 82.
LaTeX Font Info:    Checking defaults for C80/song/m/n on input line 82.
LaTeX Font Info:    ... okay on input line 82.
LaTeX Font Info:    Checking defaults for C81/song/m/n on input line 82.
LaTeX Font Info:    ... okay on input line 82.
LaTeX Font Info:    Checking defaults for C01/song/m/n on input line 82.
LaTeX Font Info:    ... okay on input line 82.
LaTeX Font Info:    Checking defaults for C11/song/m/n on input line 82.
LaTeX Font Info:    ... okay on input line 82.
LaTeX Font Info:    Checking defaults for C21/song/m/n on input line 82.
LaTeX Font Info:    ... okay on input line 82.
LaTeX Font Info:    Checking defaults for C41/song/m/n on input line 82.
LaTeX Font Info:    ... okay on input line 82.
LaTeX Font Info:    Checking defaults for C62/song/m/n on input line 82.
LaTeX Font Info:    ... okay on input line 82.
LaTeX Font Info:    Checking defaults for PD1/pdf/m/n on input line 82.
LaTeX Font Info:    ... okay on input line 82.
LaTeX Font Info:    Checking defaults for PU/pdf/m/n on input line 82.
LaTeX Font Info:    ... okay on input line 82.

ABD: EverySelectfont initializing macros
LaTeX Info: Redefining \selectfont on input line 82.

*geometry* driver: auto-detecting
*geometry* detected driver: pdftex
*geometry* verbose mode - [ preamble ] result:
* driver: pdftex
* paper: a4paper
* layout: <same size as paper>
* layoutoffset:(h,v)=(0.0pt,0.0pt)
* modes: 
* h-part:(L,W,R)=(90.3375pt, 416.83289pt, 90.3375pt)
* v-part:(T,H,B)=(90.3375pt, 664.37186pt, 90.3375pt)
* \paperwidth=597.50787pt
* \paperheight=845.04684pt
* \textwidth=433.62pt
* \textheight=664.37186pt
* \oddsidemargin=18.0675pt
* \evensidemargin=18.06749pt
* \topmargin=-36.135pt
* \headheight=12.0pt
* \headsep=25.0pt
* \topskip=10.0pt
* \footskip=10.0pt
* \marginparwidth=57.0pt
* \marginparsep=11.0pt
* \columnsep=10.0pt
* \skip\footins=14.22636pt
* \hoffset=0.0pt
* \voffset=0.0pt
* \mag=1000
* \@twocolumnfalse
* \@twosidefalse
* \@mparswitchfalse
* \@reversemarginfalse
* (1in=72.27pt=25.4mm, 1cm=28.453pt)

("D:\MiKTeX 2.9\tex\context\base\supp-pdf.mkii"
[Loading MPS to PDF converter (version 2006.09.02).]
\scratchcounter=\count368
\scratchdimen=\dimen289
\scratchbox=\box72
\nofMPsegments=\count369
\nofMParguments=\count370
\everyMPshowfont=\toks52
\MPscratchCnt=\count371
\MPscratchDim=\dimen290
\MPnumerator=\count372
\makeMPintoPDFobject=\count373
\everyMPtoPDFconversion=\toks53
) ("D:\MiKTeX 2.9\tex\latex\oberdiek\epstopdf-base.sty"
Package: epstopdf-base 2016/05/15 v2.6 Base part for package epstopdf

("D:\MiKTeX 2.9\tex\latex\oberdiek\grfext.sty"
Package: grfext 2016/05/16 v1.2 Manage graphics extensions (HO)
)
Package epstopdf-base Info: Redefining graphics rule for `.eps' on input line 4
38.
Package grfext Info: Graphics extension search list:
(grfext)             [.png,.pdf,.jpg,.mps,.jpeg,.jbig2,.jb2,.PNG,.PDF,.JPG,.JPE
G,.JBIG2,.JB2,.eps]
(grfext)             \AppendGraphicsExtensions on input line 456.
)
\AtBeginShipoutBox=\box73
Package hyperref Info: Link coloring OFF on input line 82.

("D:\MiKTeX 2.9\tex\latex\hyperref\nameref.sty"
Package: nameref 2016/05/21 v2.44 Cross-referencing by name of section

("D:\MiKTeX 2.9\tex\generic\oberdiek\gettitlestring.sty"
Package: gettitlestring 2016/05/16 v1.5 Cleanup title references (HO)
)
\c@section@level=\count374
)
LaTeX Info: Redefining \ref on input line 82.
LaTeX Info: Redefining \pageref on input line 82.
LaTeX Info: Redefining \nameref on input line 82.
 (PS5_template.out)
(PS5_template.out)
\@outlinefile=\write4
\openout4 = `PS5_template.out'.

 ABD: EveryShipout initializing macros

Package pgfplots Warning: running in backwards compatibility mode (unsuitable t
ick labels; missing features). Consider writing \pgfplotsset{compat=1.16} into 
your preamble.
 on input line 82.

\c@lstlisting=\count375
Package lastpage Info: Please have a look at the pageslts package at
(lastpage)             https://www.ctan.org/pkg/pageslts
(lastpage)             ! on input line 82.
LaTeX Font Info:    Try loading font information for C70+rm on input line 87.
("D:\MiKTeX 2.9\tex\latex\ctex\fd\c70rm.fd"
File: c70rm.fd 2017/04/01 v2.4.9 Chinese font definition (CTEX)
)
LaTeX Font Info:    Try loading font information for U+msa on input line 87.

("D:\MiKTeX 2.9\tex\latex\amsfonts\umsa.fd"
File: umsa.fd 2013/01/14 v3.01 AMS symbols A
)
LaTeX Font Info:    Try loading font information for U+msb on input line 87.

("D:\MiKTeX 2.9\tex\latex\amsfonts\umsb.fd"
File: umsb.fd 2013/01/14 v3.01 AMS symbols B
)
Package CJKpunct Info: use punctuation spaces for family 'rm' with punctstyle (
quanjiao) on input line 87.

<structure1.png, id=43, 204.765pt x 191.21437pt>
File: structure1.png Graphic file (type png)
 <use structure1.png>
Package pdftex.def Info: structure1.png used on input line 92.
(pdftex.def)             Requested size: 199.16928pt x 185.99997pt.

<structure2.png, id=57, 249.93375pt x 173.64874pt>
File: structure2.png Graphic file (type png)
 <use structure2.png>
Package pdftex.def Info: structure2.png used on input line 95.
(pdftex.def)             Requested size: 256.0748pt x 177.93282pt.

("D:\MiKTeX 2.9\tex\generic\ctex\zhwindowsfonts.tex"
File: zhwindowsfonts.tex 2017/04/01 v2.4.9 Windows font map loader for pdfTeX a
nd DVIPDFMx (CTEX)
) [1

 <./structure1.png> <./structure2.png>]
Package mdframed Info: mdframed detected package amsthm 
 changed the theorem header of amsthm
(mdframed)              on input line 99.
Package CJKpunct Info: use punctuation spaces for family 'zhkai' with punctstyl
e (quanjiao) on input line 100.
Package mdframed Info: mdframed detected package amsthm 
 changed the theorem header of amsthm
(mdframed)              on input line 107.

Underfull \hbox (badness 10000) in paragraph at lines 117--119

 []


Underfull \hbox (badness 10000) in paragraph at lines 121--122

 []


Underfull \hbox (badness 10000) in paragraph at lines 129--130

 []


Underfull \hbox (badness 10000) in paragraph at lines 139--140

 []

[2]
Underfull \hbox (badness 10000) in paragraph at lines 180--181

 []

[3pdfTeX warning (ext4): destination with the same identifier (name{table.1}) h
as been already used, duplicate ignored

\AtBegShi@Output ...ipout \box \AtBeginShipoutBox 
                                                  \fi \fi 
l.220 \end{equation}
                    ] [4] [5]
Overfull \hbox (32.32793pt too wide) in paragraph at lines 291--292
[]\OT1/cmr/bx/n/10.53937 [5pts] \C70/rm/m/n/10.53937/67 , \C70/rm/m/n/10.53937/
6b ! \C70/rm/m/n/10.53937/5b  \C70/rm/m/n/10.53937/9a  \C70/rm/m/n/10.53937/8
9  \C70/rm/m/n/10.53937/6c B \C70/rm/m/n/10.53937/4f  \C70/rm/m/n/10.53937/75
 (\OT1/cmr/m/n/10.53937 Python 3\C70/rm/m/n/10.53937/62  \C70/rm/m/n/10.53937/
80 \OT1/cmr/m/n/10.53937 Matlab\C70/rm/m/n/10.53937/7f  \C70/rm/m/n/10.53937/
51 |\C70/rm/m/n/10.53937/ff | \C70/rm/m/n/10.53937/89  \C70/rm/m/n/10.53937/
6c B \C70/rm/m/n/10.53937/4e  \C70/rm/m/n/10.53937/78  \C70/rm/m/n/10.53937/5
2  \C70/rm/m/n/10.53937/5e  \C70/rm/m/n/10.53937/4e  $ * \C70/rm/m/n/10.5393
7/65  \C70/rm/m/n/10.53937/4e  -|\C70/rm/m/n/10.53937/ff | \OT1/cmr/m/n/10.5
3937 BoostMain.py|\C70/rm/m/n/10.53937/30 |
 []

LaTeX Font Info:    Try loading font information for OMS+cmr on input line 296.

("D:\MiKTeX 2.9\tex\latex\base\omscmr.fd"
File: omscmr.fd 2014/09/29 v2.5h Standard LaTeX font definitions
)
LaTeX Font Info:    Font shape `OMS/cmr/m/n' in size <10.53937> not available
(Font)              Font shape `OMS/cmsy/m/n' tried instead on input line 296.

Overfull \hbox (41.2738pt too wide) in paragraph at lines 298--299
\C70/rm/m/n/10.53937/5b  \C70/rm/m/n/10.53937/9a  \C70/rm/m/n/10.53937/7e  \
C70/rm/m/n/10.53937/67 |\C70/rm/m/n/10.53937/ff | \C70/rm/m/n/10.53937/62  \
C70/rm/m/n/10.53937/7e  \C70/rm/m/n/10.53937/56  \C70/rm/m/n/10.53937/6a * \C
70/rm/m/n/10.53937/8f t \C70/rm/m/n/10.53937/4e : \C70/rm/m/n/10.53937/57  \C7
0/rm/m/n/10.53937/52  \C70/rm/m/n/10.53937/7c { \C70/rm/m/n/10.53937/56 h \C70
/rm/m/n/10.53937/65 p \C70/rm/m/n/10.53937/76 |\C70/rm/m/n/10.53937/ff | \C70
/rm/m/n/10.53937/7e  \C70/rm/m/n/10.53937/8f t \C70/rm/m/n/10.53937/4e :\OT1/c
mr/m/n/10.53937 AUC\C70/rm/m/n/10.53937/63  \C70/rm/m/n/10.53937/68 |\C70/rm/
m/n/10.53937/ff | \C70/rm/m/n/10.53937/56  \C70/rm/m/n/10.53937/4e - \C70/rm/
m/n/10.53937/67 	 \C70/rm/m/n/10.53937/4e $ \C70/rm/m/n/10.53937/67 a \C70/rm/m
/n/10.53937/7e  \C70/rm/m/n/10.53937/52  + \C70/rm/m/n/10.53937/5b  \C70/rm/
m/n/10.53937/5e \OT1/cmr/m/n/10.53937 AdaBoost\C70/rm/m/n/10.53937/54 
 []


Underfull \hbox (badness 10000) in paragraph at lines 306--307

 []


Underfull \hbox (badness 10000) in paragraph at lines 308--313

 []


Underfull \hbox (badness 10000) in paragraph at lines 313--315

 []

[6]
Overfull \hbox (18.0851pt too wide) in paragraph at lines 348--350
\C70/rm/m/n/10.53937/57 ( \C70/rm/m/n/10.53937/5b  \C70/rm/m/n/10.53937/73  \
C70/rm/m/n/10.53937/57  \C70/rm/m/n/10.53937/52  \C70/rm/m/n/10.53937/7c { \C
70/rm/m/n/10.53937/56 h \C70/rm/m/n/10.53937/76  \C70/rm/m/n/10.53937/7b  \C7
0/rm/m/n/10.53937/53 U \C70/rm/m/n/10.53937/51  \C70/rm/m/n/10.53937/7b V \C70
/rm/m/n/10.53937/68  \C70/rm/m/n/10.53937/76  \C70/rm/m/n/10.53937/65  \C70/
rm/m/n/10.53937/50 |\C70/rm/m/n/10.53937/ff | \C70/rm/m/n/10.53937/8c  \C70/
rm/m/n/10.53937/75 ( \C70/rm/m/n/10.53937/4e \OT1/cmr/m/n/10.53937 sklearn\C70
/rm/m/n/10.53937/53  \C70/rm/m/n/10.53937/76 \OT1/cmr/m/n/10.53937 sklearn.tr
ee.DecisionTreeClassifier|\C70/rm/m/n/10.53937/30 |
 []


Underfull \hbox (badness 10000) in paragraph at lines 348--350

 []


Underfull \hbox (badness 10000) in paragraph at lines 348--350

 []

Package hyperref Info: bookmark level for unknown algorithm defaults to 0 on in
put line 356.

LaTeX Warning: `h' float specifier changed to `ht'.


LaTeX Warning: `h' float specifier changed to `ht'.

[7]
Overfull \hbox (33.65997pt too wide) in paragraph at lines 392--394
\C70/rm/m/n/10.53937/57 ( \C70/rm/m/n/10.53937/5b  \C70/rm/m/n/10.53937/73  \
C70/rm/m/n/10.53937/57  \C70/rm/m/n/10.53937/52  \C70/rm/m/n/10.53937/7c { \C
70/rm/m/n/10.53937/56 h \C70/rm/m/n/10.53937/76  \C70/rm/m/n/10.53937/96  \C7
0/rm/m/n/10.53937/67 : \C70/rm/m/n/10.53937/51  \C70/rm/m/n/10.53937/7b V \C70
/rm/m/n/10.53937/68  \C70/rm/m/n/10.53937/76  \C70/rm/m/n/10.53937/65  \C70/
rm/m/n/10.53937/50 |\C70/rm/m/n/10.53937/ff | \C70/rm/m/n/10.53937/8c  \C70/
rm/m/n/10.53937/75 ( \C70/rm/m/n/10.53937/4e \OT1/cmr/m/n/10.53937 sklearn\C70
/rm/m/n/10.53937/53  \C70/rm/m/n/10.53937/76 \OT1/cmr/m/n/10.53937 sklearn.en
semble.ExtraTreesClassifier|\C70/rm/m/n/10.53937/30 |
 []


Underfull \hbox (badness 10000) in paragraph at lines 392--394

 []


Underfull \hbox (badness 10000) in paragraph at lines 392--394

 []


AED: lastpage setting LastPage
[8]
Package atveryend Info: Empty hook `BeforeClearDocument' on input line 397.
Package atveryend Info: Empty hook `AfterLastShipout' on input line 397.
 (PS5_template.aux)
Package atveryend Info: Executing hook `AtVeryEndDocument' on input line 397.
Package atveryend Info: Executing hook `AtEndAfterFileList' on input line 397.
Package rerunfilecheck Info: File `PS5_template.out' has not changed.
(rerunfilecheck)             Checksum: 816CF26A24B1D6FFC3FF1299402420FF;758.
Package atveryend Info: Empty hook `AtVeryVeryEnd' on input line 397.
 ) 
Here is how much of TeX's memory you used:
 46180 strings out of 493333
 976960 string characters out of 3145216
 1208665 words of memory out of 3000000
 48649 multiletter control sequences out of 15000+200000
 585974 words of font info for 228 fonts, out of 3000000 for 9000
 1141 hyphenation exceptions out of 8191
 62i,12n,96p,10456b,684s stack positions out of 5000i,500n,10000p,200000b,50000s
<C:/WINDOWS/Fonts/simsun.ttc><C:/WINDOWS/Fonts/simsun.ttc><C:/WINDOWS/Fonts/s
imhei.ttf><C:/WINDOWS/Fonts/simhei.ttf><C:/WINDOWS/Fonts/simhei.ttf><C:/WINDOWS
/Fonts/simsun.ttc><C:/WINDOWS/Fonts/simhei.ttf><C:/WINDOWS/Fonts/simhei.ttf><C:
/WINDOWS/Fonts/simhei.ttf><C:/WINDOWS/Fonts/simhei.ttf><C:/WINDOWS/Fonts/simhei
.ttf><C:/WINDOWS/Fonts/simsun.ttc><C:/WINDOWS/Fonts/simsun.ttc><C:/WINDOWS/Font
s/simsun.ttc><C:/WINDOWS/Fonts/simsun.ttc><C:/WINDOWS/Fonts/simsun.ttc><C:/WIND
OWS/Fonts/simsun.ttc><C:/WINDOWS/Fonts/simsun.ttc><C:/WINDOWS/Fonts/simsun.ttc>
<C:/WINDOWS/Fonts/simsun.ttc><C:/WINDOWS/Fonts/simsun.ttc><C:/WINDOWS/Fonts/sim
sun.ttc><C:/WINDOWS/Fonts/simkai.ttf><C:/WINDOWS/Fonts/simkai.ttf><C:/WINDOWS/F
onts/simkai.ttf><C:/WINDOWS/Fonts/simkai.ttf><C:/WINDOWS/Fonts/simsun.ttc><C:/W
INDOWS/Fonts/simsun.ttc><C:/WINDOWS/Fonts/simkai.ttf><C:/WINDOWS/Fonts/simkai.t
tf><C:/WINDOWS/Fonts/simkai.ttf><C:/WINDOWS/Fonts/simkai.ttf><C:/WINDOWS/Fonts/
simkai.ttf><C:/WINDOWS/Fonts/simkai.ttf><C:/WINDOWS/Fonts/simkai.ttf><C:/WINDOW
S/Fonts/simsun.ttc><C:/WINDOWS/Fonts/simsun.ttc><C:/WINDOWS/Fonts/simsun.ttc><C
:/WINDOWS/Fonts/simsun.ttc><C:/WINDOWS/Fonts/simsun.ttc><C:/WINDOWS/Fonts/simsu
n.ttc><C:/WINDOWS/Fonts/simsun.ttc><C:/WINDOWS/Fonts/simsun.ttc><C:/WINDOWS/Fon
ts/simsun.ttc><C:/WINDOWS/Fonts/simsun.ttc><C:/WINDOWS/Fonts/simkai.ttf><C:/WIN
DOWS/Fonts/simkai.ttf><C:/WINDOWS/Fonts/simhei.ttf><C:/WINDOWS/Fonts/simkai.ttf
><C:/WINDOWS/Fonts/simkai.ttf><C:/WINDOWS/Fonts/simkai.ttf><C:/WINDOWS/Fonts/si
mkai.ttf><C:/WINDOWS/Fonts/simkai.ttf><C:/WINDOWS/Fonts/simkai.ttf><C:/WINDOWS/
Fonts/simkai.ttf><C:/WINDOWS/Fonts/simkai.ttf><C:/WINDOWS/Fonts/simkai.ttf><C:/
WINDOWS/Fonts/simkai.ttf><C:/WINDOWS/Fonts/simkai.ttf><C:/WINDOWS/Fonts/simkai.
ttf><C:/WINDOWS/Fonts/simkai.ttf><C:/WINDOWS/Fonts/simkai.ttf><C:/WINDOWS/Fonts
/simkai.ttf><C:/WINDOWS/Fonts/simkai.ttf><C:/WINDOWS/Fonts/simkai.ttf><C:/WINDO
WS/Fonts/simkai.ttf><C:/WINDOWS/Fonts/simkai.ttf><C:/WINDOWS/Fonts/simkai.ttf><
C:/WINDOWS/Fonts/simkai.ttf><C:/WINDOWS/Fonts/simkai.ttf><C:/WINDOWS/Fonts/simk
ai.ttf><C:/WINDOWS/Fonts/simkai.ttf><C:/WINDOWS/Fonts/simkai.ttf><C:/WINDOWS/Fo
nts/simkai.ttf><C:/WINDOWS/Fonts/simkai.ttf><C:/WINDOWS/Fonts/simkai.ttf><C:/WI
NDOWS/Fonts/simkai.ttf><C:/WINDOWS/Fonts/simkai.ttf><C:/WINDOWS/Fonts/simkai.tt
f><C:/WINDOWS/Fonts/simkai.ttf><C:/WINDOWS/Fonts/simkai.ttf><C:/WINDOWS/Fonts/s
imkai.ttf><C:/WINDOWS/Fonts/simkai.ttf><C:/WINDOWS/Fonts/simkai.ttf><C:/WINDOWS
/Fonts/simkai.ttf><C:/WINDOWS/Fonts/simhei.ttf><C:/WINDOWS/Fonts/simhei.ttf><C:
/WINDOWS/Fonts/simsun.ttc><C:/WINDOWS/Fonts/simsun.ttc><C:/WINDOWS/Fonts/simsun
.ttc><C:/WINDOWS/Fonts/simsun.ttc><C:/WINDOWS/Fonts/simsun.ttc><C:/WINDOWS/Font
s/simsun.ttc><C:/WINDOWS/Fonts/simsun.ttc><C:/WINDOWS/Fonts/simsun.ttc><C:/WIND
OWS/Fonts/simsun.ttc><C:/WINDOWS/Fonts/simsun.ttc><C:/WINDOWS/Fonts/simsun.ttc>
<C:/WINDOWS/Fonts/simsun.ttc><C:/WINDOWS/Fonts/simsun.ttc><C:/WINDOWS/Fonts/sim
sun.ttc><C:/WINDOWS/Fonts/simsun.ttc><C:/WINDOWS/Fonts/simsun.ttc><C:/WINDOWS/F
onts/simsun.ttc><C:/WINDOWS/Fonts/simsun.ttc><C:/WINDOWS/Fonts/simsun.ttc><C:/W
INDOWS/Fonts/simsun.ttc><C:/WINDOWS/Fonts/simsun.ttc><C:/WINDOWS/Fonts/simsun.t
tc><C:/WINDOWS/Fonts/simsun.ttc><C:/WINDOWS/Fonts/simsun.ttc><C:/WINDOWS/Fonts/
simsun.ttc><C:/WINDOWS/Fonts/simsun.ttc><C:/WINDOWS/Fonts/simsun.ttc><C:/WINDOW
S/Fonts/simsun.ttc><C:/WINDOWS/Fonts/simsun.ttc><C:/WINDOWS/Fonts/simsun.ttc><C
:/WINDOWS/Fonts/simsun.ttc><C:/WINDOWS/Fonts/simsun.ttc><C:/WINDOWS/Fonts/simsu
n.ttc><C:/WINDOWS/Fonts/simsun.ttc><C:/WINDOWS/Fonts/simsun.ttc><C:/WINDOWS/Fon
ts/simsun.ttc><C:/WINDOWS/Fonts/simsun.ttc><C:/WINDOWS/Fonts/simsun.ttc><C:/WIN
DOWS/Fonts/simsun.ttc><C:/WINDOWS/Fonts/simsun.ttc><C:/WINDOWS/Fonts/simsun.ttc
><C:/WINDOWS/Fonts/simsun.ttc><C:/WINDOWS/Fonts/simsun.ttc><C:/WINDOWS/Fonts/si
msun.ttc><C:/WINDOWS/Fonts/simsun.ttc><D:/MiKTeX 2.9/fonts/type1/public/amsfont
s/cm/cmbx10.pfb><D:/MiKTeX 2.9/fonts/type1/public/amsfonts/cm/cmbx12.pfb><D:/Mi
KTeX 2.9/fonts/type1/public/amsfonts/cm/cmex10.pfb><D:/MiKTeX 2.9/fonts/type1/p
ublic/amsfonts/cm/cmmi10.pfb><D:/MiKTeX 2.9/fonts/type1/public/amsfonts/cm/cmmi
7.pfb><D:/MiKTeX 2.9/fonts/type1/public/amsfonts/cm/cmr10.pfb><D:/MiKTeX 2.9/fo
nts/type1/public/amsfonts/cm/cmr12.pfb><D:/MiKTeX 2.9/fonts/type1/public/amsfon
ts/cm/cmr7.pfb><D:/MiKTeX 2.9/fonts/type1/public/amsfonts/cm/cmsy10.pfb><D:/MiK
TeX 2.9/fonts/type1/public/amsfonts/cm/cmti10.pfb>
Output written on PS5_template.pdf (8 pages, 813345 bytes).
PDF statistics:
 771 PDF objects out of 1000 (max. 8388607)
 62 named destinations out of 1000 (max. 500000)
 335 words of extra memory for PDF output out of 10000 (max. 10000000)

